Flow report for LcdBridge
Sun Mar 08 22:38:57 2015
Quartus II 64-Bit Version 12.1 Build 243 01/31/2013 Service Pack 1.33 SJ Full Version


---------------------
; Table of Contents ;
---------------------
  1. Legal Notice
  2. Flow Summary
  3. Flow Settings
  4. Flow Non-Default Global Settings
  5. Flow Elapsed Time
  6. Flow OS Summary
  7. Flow Log



----------------
; Legal Notice ;
----------------
Copyright (C) 1991-2012 Altera Corporation
Your use of Altera Corporation's design tools, logic functions 
and other software and tools, and its AMPP partner logic 
functions, and any output files from any of the foregoing 
(including device programming or simulation files), and any 
associated documentation or information are expressly subject 
to the terms and conditions of the Altera Program License 
Subscription Agreement, Altera MegaCore Function License 
Agreement, or other applicable license agreement, including, 
without limitation, that your use is for the sole purpose of 
programming logic devices manufactured by Altera and sold by 
Altera or its authorized distributors.  Please refer to the 
applicable agreement for further details.



+-------------------------------------------------------------------------------+
; Flow Summary                                                                  ;
+---------------------------+---------------------------------------------------+
; Flow Status               ; Successful - Sun Mar 08 22:38:55 2015             ;
; Quartus II 64-Bit Version ; 12.1 Build 243 01/31/2013 SP 1.33 SJ Full Version ;
; Revision Name             ; LcdBridge                                         ;
; Top-level Entity Name     ; LcdBridge                                         ;
; Family                    ; MAX II                                            ;
; Device                    ; EPM570T100C5                                      ;
; Timing Models             ; Final                                             ;
; Total logic elements      ; 118 / 570 ( 21 % )                                ;
; Total pins                ; 17 / 76 ( 22 % )                                  ;
; Total virtual pins        ; 0                                                 ;
; UFM blocks                ; 0 / 1 ( 0 % )                                     ;
+---------------------------+---------------------------------------------------+


+-----------------------------------------+
; Flow Settings                           ;
+-------------------+---------------------+
; Option            ; Setting             ;
+-------------------+---------------------+
; Start date & time ; 03/08/2015 22:38:51 ;
; Main task         ; Compilation         ;
; Revision Name     ; LcdBridge           ;
+-------------------+---------------------+


+------------------------------------------------------------------------------------------------------------------+
; Flow Non-Default Global Settings                                                                                 ;
+---------------------------------------+-------------------------------+---------------+-------------+------------+
; Assignment Name                       ; Value                         ; Default Value ; Entity Name ; Section Id ;
+---------------------------------------+-------------------------------+---------------+-------------+------------+
; COMPILER_SIGNATURE_ID                 ; 1096686851227.142582553109176 ; --            ; --          ; --         ;
; MAX_CORE_JUNCTION_TEMP                ; 85                            ; --            ; --          ; --         ;
; MIN_CORE_JUNCTION_TEMP                ; 0                             ; --            ; --          ; --         ;
; POWER_EXT_SUPPLY_VOLTAGE_TO_REGULATOR ; 3.3V                          ; --            ; --          ; --         ;
; PROJECT_OUTPUT_DIRECTORY              ; output_files                  ; --            ; --          ; --         ;
+---------------------------------------+-------------------------------+---------------+-------------+------------+


+-------------------------------------------------------------------------------------------------------------------------------+
; Flow Elapsed Time                                                                                                             ;
+---------------------------+--------------+-------------------------+---------------------+------------------------------------+
; Module Name               ; Elapsed Time ; Average Processors Used ; Peak Virtual Memory ; Total CPU Time (on all processors) ;
+---------------------------+--------------+-------------------------+---------------------+------------------------------------+
; Analysis & Synthesis      ; 00:00:01     ; 1.0                     ; 421 MB              ; 00:00:01                           ;
; Fitter                    ; 00:00:01     ; 1.0                     ; 776 MB              ; 00:00:02                           ;
; Assembler                 ; 00:00:00     ; 1.0                     ; 383 MB              ; 00:00:00                           ;
; TimeQuest Timing Analyzer ; 00:00:01     ; 1.0                     ; 407 MB              ; 00:00:01                           ;
; Total                     ; 00:00:03     ; --                      ; --                  ; 00:00:04                           ;
+---------------------------+--------------+-------------------------+---------------------+------------------------------------+


+----------------------------------------------------------------------------------------+
; Flow OS Summary                                                                        ;
+---------------------------+------------------+-----------+------------+----------------+
; Module Name               ; Machine Hostname ; OS Name   ; OS Version ; Processor type ;
+---------------------------+------------------+-----------+------------+----------------+
; Analysis & Synthesis      ; XD-LAPTOP        ; Windows 7 ; 6.1        ; x86_64         ;
; Fitter                    ; XD-LAPTOP        ; Windows 7 ; 6.1        ; x86_64         ;
; Assembler                 ; XD-LAPTOP        ; Windows 7 ; 6.1        ; x86_64         ;
; TimeQuest Timing Analyzer ; XD-LAPTOP        ; Windows 7 ; 6.1        ; x86_64         ;
+---------------------------+------------------+-----------+------------+----------------+


------------
; Flow Log ;
------------
quartus_map --read_settings_files=on --write_settings_files=off LcdBridge -c LcdBridge
quartus_fit --read_settings_files=off --write_settings_files=off LcdBridge -c LcdBridge
quartus_asm --read_settings_files=off --write_settings_files=off LcdBridge -c LcdBridge
quartus_sta LcdBridge -c LcdBridge



