Analysis & Synthesis report for LcdBridge
Sun Mar 08 22:38:52 2015
Quartus II 64-Bit Version 12.1 Build 243 01/31/2013 Service Pack 1.33 SJ Full Version


---------------------
; Table of Contents ;
---------------------
  1. Legal Notice
  2. Analysis & Synthesis Summary
  3. Analysis & Synthesis Settings
  4. Parallel Compilation
  5. Analysis & Synthesis Source Files Read
  6. Analysis & Synthesis Resource Usage Summary
  7. Analysis & Synthesis Resource Utilization by Entity
  8. State Machine - |LcdBridge|LcdController:lcd|prevState
  9. State Machine - |LcdBridge|LcdController:lcd|nextState
 10. Registers Removed During Synthesis
 11. General Register Statistics
 12. Inverted Register Statistics
 13. Multiplexer Restructuring Statistics (Restructuring Performed)
 14. Parameter Settings for User Entity Instance: ClockGenerator:gen
 15. Parameter Settings for User Entity Instance: LcdController:lcd
 16. Analysis & Synthesis Messages



----------------
; Legal Notice ;
----------------
Copyright (C) 1991-2012 Altera Corporation
Your use of Altera Corporation's design tools, logic functions 
and other software and tools, and its AMPP partner logic 
functions, and any output files from any of the foregoing 
(including device programming or simulation files), and any 
associated documentation or information are expressly subject 
to the terms and conditions of the Altera Program License 
Subscription Agreement, Altera MegaCore Function License 
Agreement, or other applicable license agreement, including, 
without limitation, that your use is for the sole purpose of 
programming logic devices manufactured by Altera and sold by 
Altera or its authorized distributors.  Please refer to the 
applicable agreement for further details.



+---------------------------------------------------------------------------------+
; Analysis & Synthesis Summary                                                    ;
+-----------------------------+---------------------------------------------------+
; Analysis & Synthesis Status ; Successful - Sun Mar 08 22:38:52 2015             ;
; Quartus II 64-Bit Version   ; 12.1 Build 243 01/31/2013 SP 1.33 SJ Full Version ;
; Revision Name               ; LcdBridge                                         ;
; Top-level Entity Name       ; LcdBridge                                         ;
; Family                      ; MAX II                                            ;
; Total logic elements        ; 127                                               ;
; Total pins                  ; 17                                                ;
; Total virtual pins          ; 0                                                 ;
; UFM blocks                  ; 0 / 1 ( 0 % )                                     ;
+-----------------------------+---------------------------------------------------+


+----------------------------------------------------------------------------------------------------------------------+
; Analysis & Synthesis Settings                                                                                        ;
+----------------------------------------------------------------------------+--------------------+--------------------+
; Option                                                                     ; Setting            ; Default Value      ;
+----------------------------------------------------------------------------+--------------------+--------------------+
; Device                                                                     ; EPM570T100C5       ;                    ;
; Top-level entity name                                                      ; LcdBridge          ; LcdBridge          ;
; Family name                                                                ; MAX II             ; Cyclone IV GX      ;
; Use smart compilation                                                      ; Off                ; Off                ;
; Enable parallel Assembler and TimeQuest Timing Analyzer during compilation ; On                 ; On                 ;
; Enable compact report table                                                ; Off                ; Off                ;
; Restructure Multiplexers                                                   ; Auto               ; Auto               ;
; Create Debugging Nodes for IP Cores                                        ; Off                ; Off                ;
; Preserve fewer node names                                                  ; On                 ; On                 ;
; Disable OpenCore Plus hardware evaluation                                  ; Off                ; Off                ;
; Verilog Version                                                            ; Verilog_2001       ; Verilog_2001       ;
; VHDL Version                                                               ; VHDL_1993          ; VHDL_1993          ;
; State Machine Processing                                                   ; Auto               ; Auto               ;
; Safe State Machine                                                         ; Off                ; Off                ;
; Extract Verilog State Machines                                             ; On                 ; On                 ;
; Extract VHDL State Machines                                                ; On                 ; On                 ;
; Ignore Verilog initial constructs                                          ; Off                ; Off                ;
; Iteration limit for constant Verilog loops                                 ; 5000               ; 5000               ;
; Iteration limit for non-constant Verilog loops                             ; 250                ; 250                ;
; Add Pass-Through Logic to Inferred RAMs                                    ; On                 ; On                 ;
; Infer RAMs from Raw Logic                                                  ; On                 ; On                 ;
; Parallel Synthesis                                                         ; On                 ; On                 ;
; NOT Gate Push-Back                                                         ; On                 ; On                 ;
; Power-Up Don't Care                                                        ; On                 ; On                 ;
; Remove Redundant Logic Cells                                               ; Off                ; Off                ;
; Remove Duplicate Registers                                                 ; On                 ; On                 ;
; Ignore CARRY Buffers                                                       ; Off                ; Off                ;
; Ignore CASCADE Buffers                                                     ; Off                ; Off                ;
; Ignore GLOBAL Buffers                                                      ; Off                ; Off                ;
; Ignore ROW GLOBAL Buffers                                                  ; Off                ; Off                ;
; Ignore LCELL Buffers                                                       ; Off                ; Off                ;
; Ignore SOFT Buffers                                                        ; On                 ; On                 ;
; Limit AHDL Integers to 32 Bits                                             ; Off                ; Off                ;
; Optimization Technique                                                     ; Balanced           ; Balanced           ;
; Carry Chain Length                                                         ; 70                 ; 70                 ;
; Auto Carry Chains                                                          ; On                 ; On                 ;
; Auto Open-Drain Pins                                                       ; On                 ; On                 ;
; Perform WYSIWYG Primitive Resynthesis                                      ; Off                ; Off                ;
; Auto Shift Register Replacement                                            ; Auto               ; Auto               ;
; Allow Shift Register Merging across Hierarchies                            ; Auto               ; Auto               ;
; Auto Clock Enable Replacement                                              ; On                 ; On                 ;
; Allow Synchronous Control Signals                                          ; On                 ; On                 ;
; Force Use of Synchronous Clear Signals                                     ; Off                ; Off                ;
; Auto Resource Sharing                                                      ; Off                ; Off                ;
; Use LogicLock Constraints during Resource Balancing                        ; On                 ; On                 ;
; Ignore translate_off and synthesis_off directives                          ; Off                ; Off                ;
; Report Parameter Settings                                                  ; On                 ; On                 ;
; Report Source Assignments                                                  ; On                 ; On                 ;
; Report Connectivity Checks                                                 ; On                 ; On                 ;
; Ignore Maximum Fan-Out Assignments                                         ; Off                ; Off                ;
; Synchronization Register Chain Length                                      ; 2                  ; 2                  ;
; PowerPlay Power Optimization                                               ; Normal compilation ; Normal compilation ;
; HDL message level                                                          ; Level2             ; Level2             ;
; Suppress Register Optimization Related Messages                            ; Off                ; Off                ;
; Number of Removed Registers Reported in Synthesis Report                   ; 5000               ; 5000               ;
; Number of Swept Nodes Reported in Synthesis Report                         ; 5000               ; 5000               ;
; Number of Inverted Registers Reported in Synthesis Report                  ; 100                ; 100                ;
; Clock MUX Protection                                                       ; On                 ; On                 ;
; Block Design Naming                                                        ; Auto               ; Auto               ;
; Synthesis Effort                                                           ; Auto               ; Auto               ;
; Shift Register Replacement - Allow Asynchronous Clear Signal               ; On                 ; On                 ;
; Pre-Mapping Resynthesis Optimization                                       ; Off                ; Off                ;
; Analysis & Synthesis Message Level                                         ; Medium             ; Medium             ;
; Disable Register Merging Across Hierarchies                                ; Auto               ; Auto               ;
; Synthesis Seed                                                             ; 1                  ; 1                  ;
+----------------------------------------------------------------------------+--------------------+--------------------+


+------------------------------------------+
; Parallel Compilation                     ;
+----------------------------+-------------+
; Processors                 ; Number      ;
+----------------------------+-------------+
; Number detected on machine ; 8           ;
; Maximum allowed            ; 4           ;
;                            ;             ;
; Average used               ; 1.00        ;
; Maximum used               ; 1           ;
;                            ;             ;
; Usage by Processor         ; % Time Used ;
;     1 processor            ; 100.0%      ;
;     2-8 processors         ;   0.0%      ;
+----------------------------+-------------+


+---------------------------------------------------------------------------------------------------------------------------------------------+
; Analysis & Synthesis Source Files Read                                                                                                      ;
+----------------------------------+-----------------+------------------------+-----------------------------------------------------+---------+
; File Name with User-Entered Path ; Used in Netlist ; File Type              ; File Name with Absolute Path                        ; Library ;
+----------------------------------+-----------------+------------------------+-----------------------------------------------------+---------+
; LcdBridge.v                      ; yes             ; User Verilog HDL File  ; E:/High.Precise.Timing.Source/LCDBridge/LcdBridge.v ;         ;
+----------------------------------+-----------------+------------------------+-----------------------------------------------------+---------+


+-----------------------------------------------------+
; Analysis & Synthesis Resource Usage Summary         ;
+---------------------------------------------+-------+
; Resource                                    ; Usage ;
+---------------------------------------------+-------+
; Total logic elements                        ; 127   ;
;     -- Combinational with no register       ; 41    ;
;     -- Register only                        ; 16    ;
;     -- Combinational with a register        ; 70    ;
;                                             ;       ;
; Logic element usage by number of LUT inputs ;       ;
;     -- 4 input functions                    ; 53    ;
;     -- 3 input functions                    ; 8     ;
;     -- 2 input functions                    ; 45    ;
;     -- 1 input functions                    ; 5     ;
;     -- 0 input functions                    ; 0     ;
;                                             ;       ;
; Logic elements by mode                      ;       ;
;     -- normal mode                          ; 109   ;
;     -- arithmetic mode                      ; 18    ;
;     -- qfbk mode                            ; 0     ;
;     -- register cascade mode                ; 0     ;
;     -- synchronous clear/load mode          ; 9     ;
;     -- asynchronous clear/load mode         ; 8     ;
;                                             ;       ;
; Total registers                             ; 86    ;
; Total logic cells in carry chains           ; 21    ;
; I/O pins                                    ; 17    ;
; Maximum fan-out                             ; 60    ;
; Total fan-out                               ; 523   ;
; Average fan-out                             ; 3.63  ;
+---------------------------------------------+-------+


+--------------------------------------------------------------------------------------------------------------------------------------------------------------------------------------------------------------------------------+
; Analysis & Synthesis Resource Utilization by Entity                                                                                                                                                                            ;
+----------------------------+-------------+--------------+------------+------+--------------+--------------+-------------------+------------------+-----------------+------------+-------------------------------+--------------+
; Compilation Hierarchy Node ; Logic Cells ; LC Registers ; UFM Blocks ; Pins ; Virtual Pins ; LUT-Only LCs ; Register-Only LCs ; LUT/Register LCs ; Carry Chain LCs ; Packed LCs ; Full Hierarchy Name           ; Library Name ;
+----------------------------+-------------+--------------+------------+------+--------------+--------------+-------------------+------------------+-----------------+------------+-------------------------------+--------------+
; |LcdBridge                 ; 127 (0)     ; 86           ; 0          ; 17   ; 0            ; 41 (0)       ; 16 (0)            ; 70 (0)           ; 21 (0)          ; 0 (0)      ; |LcdBridge                    ; work         ;
;    |ClockGenerator:gen|    ; 13 (13)     ; 9            ; 0          ; 0    ; 0            ; 4 (4)        ; 0 (0)             ; 9 (9)            ; 8 (8)           ; 0 (0)      ; |LcdBridge|ClockGenerator:gen ; work         ;
;    |LcdController:lcd|     ; 86 (86)     ; 59           ; 0          ; 0    ; 0            ; 27 (27)      ; 16 (16)           ; 43 (43)          ; 13 (13)         ; 0 (0)      ; |LcdBridge|LcdController:lcd  ; work         ;
;    |SpiSlave:spi|          ; 28 (28)     ; 18           ; 0          ; 0    ; 0            ; 10 (10)      ; 0 (0)             ; 18 (18)          ; 0 (0)           ; 0 (0)      ; |LcdBridge|SpiSlave:spi       ; work         ;
+----------------------------+-------------+--------------+------------+------+--------------+--------------+-------------------+------------------+-----------------+------------+-------------------------------+--------------+
Note: For table entries with two numbers listed, the numbers in parentheses indicate the number of resources of the given type used by the specific entity alone. The numbers listed outside of parentheses indicate the total resources of the given type used by the specific entity and all of its sub-entities in the hierarchy.


Encoding Type:  One-Hot
+-------------------------------------------------------------------------------------------------------------------------------------------------------------------------------------------------------------------------------------------------+
; State Machine - |LcdBridge|LcdController:lcd|prevState                                                                                                                                                                                          ;
+-------------------------+------------------------+------------------------+-----------------------+----------------------+-------------------------+-------------------------+------------------------+-----------------------+-----------------+
; Name                    ; prevState.sReadRelease ; prevState.sReadDisable ; prevState.sReadEnable ; prevState.sReadSetup ; prevState.sWriteRelease ; prevState.sWriteDisable ; prevState.sWriteEnable ; prevState.sWriteSetup ; prevState.sIdle ;
+-------------------------+------------------------+------------------------+-----------------------+----------------------+-------------------------+-------------------------+------------------------+-----------------------+-----------------+
; prevState.sIdle         ; 0                      ; 0                      ; 0                     ; 0                    ; 0                       ; 0                       ; 0                      ; 0                     ; 0               ;
; prevState.sWriteSetup   ; 0                      ; 0                      ; 0                     ; 0                    ; 0                       ; 0                       ; 0                      ; 1                     ; 1               ;
; prevState.sWriteEnable  ; 0                      ; 0                      ; 0                     ; 0                    ; 0                       ; 0                       ; 1                      ; 0                     ; 1               ;
; prevState.sWriteDisable ; 0                      ; 0                      ; 0                     ; 0                    ; 0                       ; 1                       ; 0                      ; 0                     ; 1               ;
; prevState.sWriteRelease ; 0                      ; 0                      ; 0                     ; 0                    ; 1                       ; 0                       ; 0                      ; 0                     ; 1               ;
; prevState.sReadSetup    ; 0                      ; 0                      ; 0                     ; 1                    ; 0                       ; 0                       ; 0                      ; 0                     ; 1               ;
; prevState.sReadEnable   ; 0                      ; 0                      ; 1                     ; 0                    ; 0                       ; 0                       ; 0                      ; 0                     ; 1               ;
; prevState.sReadDisable  ; 0                      ; 1                      ; 0                     ; 0                    ; 0                       ; 0                       ; 0                      ; 0                     ; 1               ;
; prevState.sReadRelease  ; 1                      ; 0                      ; 0                     ; 0                    ; 0                       ; 0                       ; 0                      ; 0                     ; 1               ;
+-------------------------+------------------------+------------------------+-----------------------+----------------------+-------------------------+-------------------------+------------------------+-----------------------+-----------------+


Encoding Type:  One-Hot
+-------------------------------------------------------------------------------------------------------------------------------------------------------------------------------------------------------------------------------------------------+
; State Machine - |LcdBridge|LcdController:lcd|nextState                                                                                                                                                                                          ;
+-------------------------+------------------------+------------------------+-----------------------+----------------------+-------------------------+-------------------------+------------------------+-----------------------+-----------------+
; Name                    ; nextState.sReadRelease ; nextState.sReadDisable ; nextState.sReadEnable ; nextState.sReadSetup ; nextState.sWriteRelease ; nextState.sWriteDisable ; nextState.sWriteEnable ; nextState.sWriteSetup ; nextState.sIdle ;
+-------------------------+------------------------+------------------------+-----------------------+----------------------+-------------------------+-------------------------+------------------------+-----------------------+-----------------+
; nextState.sIdle         ; 0                      ; 0                      ; 0                     ; 0                    ; 0                       ; 0                       ; 0                      ; 0                     ; 0               ;
; nextState.sWriteSetup   ; 0                      ; 0                      ; 0                     ; 0                    ; 0                       ; 0                       ; 0                      ; 1                     ; 1               ;
; nextState.sWriteEnable  ; 0                      ; 0                      ; 0                     ; 0                    ; 0                       ; 0                       ; 1                      ; 0                     ; 1               ;
; nextState.sWriteDisable ; 0                      ; 0                      ; 0                     ; 0                    ; 0                       ; 1                       ; 0                      ; 0                     ; 1               ;
; nextState.sWriteRelease ; 0                      ; 0                      ; 0                     ; 0                    ; 1                       ; 0                       ; 0                      ; 0                     ; 1               ;
; nextState.sReadSetup    ; 0                      ; 0                      ; 0                     ; 1                    ; 0                       ; 0                       ; 0                      ; 0                     ; 1               ;
; nextState.sReadEnable   ; 0                      ; 0                      ; 1                     ; 0                    ; 0                       ; 0                       ; 0                      ; 0                     ; 1               ;
; nextState.sReadDisable  ; 0                      ; 1                      ; 0                     ; 0                    ; 0                       ; 0                       ; 0                      ; 0                     ; 1               ;
; nextState.sReadRelease  ; 1                      ; 0                      ; 0                     ; 0                    ; 0                       ; 0                       ; 0                      ; 0                     ; 1               ;
+-------------------------+------------------------+------------------------+-----------------------+----------------------+-------------------------+-------------------------+------------------------+-----------------------+-----------------+


+------------------------------------------------------------+
; Registers Removed During Synthesis                         ;
+---------------------------------------+--------------------+
; Register name                         ; Reason for Removal ;
+---------------------------------------+--------------------+
; LcdController:lcd|prevState~2         ; Lost fanout        ;
; LcdController:lcd|prevState~3         ; Lost fanout        ;
; LcdController:lcd|prevState~4         ; Lost fanout        ;
; LcdController:lcd|prevState~5         ; Lost fanout        ;
; LcdController:lcd|nextState~11        ; Lost fanout        ;
; LcdController:lcd|nextState~12        ; Lost fanout        ;
; LcdController:lcd|nextState~13        ; Lost fanout        ;
; LcdController:lcd|nextState~14        ; Lost fanout        ;
; Total Number of Removed Registers = 8 ;                    ;
+---------------------------------------+--------------------+


+------------------------------------------------------+
; General Register Statistics                          ;
+----------------------------------------------+-------+
; Statistic                                    ; Value ;
+----------------------------------------------+-------+
; Total registers                              ; 86    ;
; Number of registers using Synchronous Clear  ; 9     ;
; Number of registers using Synchronous Load   ; 0     ;
; Number of registers using Asynchronous Clear ; 8     ;
; Number of registers using Asynchronous Load  ; 0     ;
; Number of registers using Clock Enable       ; 53    ;
; Number of registers using Preset             ; 0     ;
+----------------------------------------------+-------+


+--------------------------------------------------+
; Inverted Register Statistics                     ;
+----------------------------------------+---------+
; Inverted Register                      ; Fan out ;
+----------------------------------------+---------+
; SpiSlave:spi|i[3]                      ; 10      ;
; SpiSlave:spi|i[1]                      ; 11      ;
; SpiSlave:spi|i[0]                      ; 12      ;
; SpiSlave:spi|i[2]                      ; 9       ;
; SpiSlave:spi|j[1]                      ; 3       ;
; SpiSlave:spi|j[2]                      ; 2       ;
; SpiSlave:spi|j[0]                      ; 5       ;
; Total number of inverted registers = 7 ;         ;
+----------------------------------------+---------+


+---------------------------------------------------------------------------------------------------------------------------------------------------------+
; Multiplexer Restructuring Statistics (Restructuring Performed)                                                                                          ;
+--------------------+-----------+---------------+----------------------+------------------------+------------+-------------------------------------------+
; Multiplexer Inputs ; Bus Width ; Baseline Area ; Area if Restructured ; Saving if Restructured ; Registered ; Example Multiplexer Output                ;
+--------------------+-----------+---------------+----------------------+------------------------+------------+-------------------------------------------+
; 3:1                ; 4 bits    ; 8 LEs         ; 4 LEs                ; 4 LEs                  ; Yes        ; |LcdBridge|LcdController:lcd|trest[1]     ;
; 3:1                ; 5 bits    ; 10 LEs        ; 5 LEs                ; 5 LEs                  ; Yes        ; |LcdBridge|LcdController:lcd|tsp1[4]      ;
; 3:1                ; 8 bits    ; 16 LEs        ; 8 LEs                ; 8 LEs                  ; Yes        ; |LcdBridge|LcdController:lcd|tpw[1]       ;
; 3:1                ; 4 bits    ; 8 LEs         ; 4 LEs                ; 4 LEs                  ; Yes        ; |LcdBridge|LcdController:lcd|thd[3]       ;
; 3:1                ; 8 bits    ; 16 LEs        ; 8 LEs                ; 8 LEs                  ; Yes        ; |LcdBridge|ClockGenerator:gen|clkCount[3] ;
+--------------------+-----------+---------------+----------------------+------------------------+------------+-------------------------------------------+


+-----------------------------------------------------------------+
; Parameter Settings for User Entity Instance: ClockGenerator:gen ;
+----------------+----------+-------------------------------------+
; Parameter Name ; Value    ; Type                                ;
+----------------+----------+-------------------------------------+
; clkDiv         ; 00011111 ; Unsigned Binary                     ;
+----------------+----------+-------------------------------------+
Note: In order to hide this table in the UI and the text report file, please set the "Show Parameter Settings in Synthesis Report" option in "Analysis and Synthesis Settings -> More Settings" to "Off".


+----------------------------------------------------------------+
; Parameter Settings for User Entity Instance: LcdController:lcd ;
+----------------+-------+---------------------------------------+
; Parameter Name ; Value ; Type                                  ;
+----------------+-------+---------------------------------------+
; minTsp1        ; 30    ; Signed Integer                        ;
; minTpw         ; 150   ; Signed Integer                        ;
; minThd         ; 20    ; Signed Integer                        ;
; minTrest       ; 250   ; Signed Integer                        ;
; sIdle          ; 0000  ; Unsigned Binary                       ;
; sWriteSetup    ; 0010  ; Unsigned Binary                       ;
; sWriteEnable   ; 0011  ; Unsigned Binary                       ;
; sWriteDisable  ; 0100  ; Unsigned Binary                       ;
; sWriteRelease  ; 0101  ; Unsigned Binary                       ;
; sReadSetup     ; 0110  ; Unsigned Binary                       ;
; sReadEnable    ; 0111  ; Unsigned Binary                       ;
; sReadDisable   ; 1000  ; Unsigned Binary                       ;
; sReadRelease   ; 1001  ; Unsigned Binary                       ;
+----------------+-------+---------------------------------------+
Note: In order to hide this table in the UI and the text report file, please set the "Show Parameter Settings in Synthesis Report" option in "Analysis and Synthesis Settings -> More Settings" to "Off".


+-------------------------------+
; Analysis & Synthesis Messages ;
+-------------------------------+
Info: *******************************************************************
Info: Running Quartus II 64-Bit Analysis & Synthesis
    Info: Version 12.1 Build 243 01/31/2013 Service Pack 1.33 SJ Full Version
    Info: Processing started: Sun Mar 08 22:38:51 2015
Info: Command: quartus_map --read_settings_files=on --write_settings_files=off LcdBridge -c LcdBridge
Info (11104): Parallel Compilation has detected 8 hyper-threaded processors. However, the extra hyper-threaded processors will not be used by default. Parallel Compilation will use 4 of the 4 physical processors detected instead.
Info (12021): Found 4 design units, including 4 entities, in source file lcdbridge.v
    Info (12023): Found entity 1: LcdBridge
    Info (12023): Found entity 2: ClockGenerator
    Info (12023): Found entity 3: LcdController
    Info (12023): Found entity 4: SpiSlave
Info (12127): Elaborating entity "LcdBridge" for the top level hierarchy
Info (12128): Elaborating entity "ClockGenerator" for hierarchy "ClockGenerator:gen"
Info (12128): Elaborating entity "LcdController" for hierarchy "LcdController:lcd"
Warning (10230): Verilog HDL assignment warning at LcdBridge.v(198): truncated value with size 32 to match size of target (5)
Warning (10230): Verilog HDL assignment warning at LcdBridge.v(212): truncated value with size 32 to match size of target (8)
Warning (10230): Verilog HDL assignment warning at LcdBridge.v(226): truncated value with size 32 to match size of target (4)
Warning (10230): Verilog HDL assignment warning at LcdBridge.v(240): truncated value with size 32 to match size of target (4)
Warning (10230): Verilog HDL assignment warning at LcdBridge.v(254): truncated value with size 32 to match size of target (5)
Warning (10230): Verilog HDL assignment warning at LcdBridge.v(268): truncated value with size 32 to match size of target (8)
Warning (10230): Verilog HDL assignment warning at LcdBridge.v(282): truncated value with size 32 to match size of target (4)
Warning (10230): Verilog HDL assignment warning at LcdBridge.v(296): truncated value with size 32 to match size of target (4)
Info (12128): Elaborating entity "SpiSlave" for hierarchy "SpiSlave:spi"
Info (18000): Registers with preset signals will power-up high
Info (17049): 8 registers lost all their fanouts during netlist optimizations.
Info (21057): Implemented 144 device resources after synthesis - the final resource count might be different
    Info (21058): Implemented 5 input pins
    Info (21059): Implemented 4 output pins
    Info (21060): Implemented 8 bidirectional pins
    Info (21061): Implemented 127 logic cells
Info: Quartus II 64-Bit Analysis & Synthesis was successful. 0 errors, 8 warnings
    Info: Peak virtual memory: 421 megabytes
    Info: Processing ended: Sun Mar 08 22:38:52 2015
    Info: Elapsed time: 00:00:01
    Info: Total CPU time (on all processors): 00:00:01


