Flow report for FreqCounter
Tue May 19 15:53:01 2015
Quartus II 64-Bit Version 12.1 Build 243 01/31/2013 Service Pack 1.33 SJ Full Version


---------------------
; Table of Contents ;
---------------------
  1. Legal Notice
  2. Flow Summary
  3. Flow Settings
  4. Flow Non-Default Global Settings
  5. Flow Elapsed Time
  6. Flow OS Summary
  7. Flow Log



----------------
; Legal Notice ;
----------------
Copyright (C) 1991-2012 Altera Corporation
Your use of Altera Corporation's design tools, logic functions 
and other software and tools, and its AMPP partner logic 
functions, and any output files from any of the foregoing 
(including device programming or simulation files), and any 
associated documentation or information are expressly subject 
to the terms and conditions of the Altera Program License 
Subscription Agreement, Altera MegaCore Function License 
Agreement, or other applicable license agreement, including, 
without limitation, that your use is for the sole purpose of 
programming logic devices manufactured by Altera and sold by 
Altera or its authorized distributors.  Please refer to the 
applicable agreement for further details.



+-------------------------------------------------------------------------------+
; Flow Summary                                                                  ;
+---------------------------+---------------------------------------------------+
; Flow Status               ; Successful - Tue May 19 15:52:57 2015             ;
; Quartus II 64-Bit Version ; 12.1 Build 243 01/31/2013 SP 1.33 SJ Full Version ;
; Revision Name             ; FreqCounter                                       ;
; Top-level Entity Name     ; FreqCounter                                       ;
; Family                    ; MAX II                                            ;
; Device                    ; EPM240T100C5                                      ;
; Timing Models             ; Final                                             ;
; Total logic elements      ; 77 / 240 ( 32 % )                                 ;
; Total pins                ; 7 / 80 ( 9 % )                                    ;
; Total virtual pins        ; 0                                                 ;
; UFM blocks                ; 0 / 1 ( 0 % )                                     ;
+---------------------------+---------------------------------------------------+


+-----------------------------------------+
; Flow Settings                           ;
+-------------------+---------------------+
; Option            ; Setting             ;
+-------------------+---------------------+
; Start date & time ; 05/19/2015 15:52:47 ;
; Main task         ; Compilation         ;
; Revision Name     ; FreqCounter         ;
+-------------------+---------------------+


+-----------------------------------------------------------------------------------------------------------------+
; Flow Non-Default Global Settings                                                                                ;
+---------------------------------------+------------------------------+---------------+-------------+------------+
; Assignment Name                       ; Value                        ; Default Value ; Entity Name ; Section Id ;
+---------------------------------------+------------------------------+---------------+-------------+------------+
; COMPILER_SIGNATURE_ID                 ; 159500243339.143205076621976 ; --            ; --          ; --         ;
; MAX_CORE_JUNCTION_TEMP                ; 85                           ; --            ; --          ; --         ;
; MIN_CORE_JUNCTION_TEMP                ; 0                            ; --            ; --          ; --         ;
; POWER_EXT_SUPPLY_VOLTAGE_TO_REGULATOR ; 3.3V                         ; --            ; --          ; --         ;
; PROJECT_OUTPUT_DIRECTORY              ; output_files                 ; --            ; --          ; --         ;
+---------------------------------------+------------------------------+---------------+-------------+------------+


+-------------------------------------------------------------------------------------------------------------------------------+
; Flow Elapsed Time                                                                                                             ;
+---------------------------+--------------+-------------------------+---------------------+------------------------------------+
; Module Name               ; Elapsed Time ; Average Processors Used ; Peak Virtual Memory ; Total CPU Time (on all processors) ;
+---------------------------+--------------+-------------------------+---------------------+------------------------------------+
; Analysis & Synthesis      ; 00:00:03     ; 1.0                     ; 415 MB              ; 00:00:01                           ;
; Fitter                    ; 00:00:05     ; 1.0                     ; 758 MB              ; 00:00:02                           ;
; Assembler                 ; 00:00:01     ; 1.0                     ; 378 MB              ; 00:00:01                           ;
; TimeQuest Timing Analyzer ; 00:00:01     ; 1.0                     ; 401 MB              ; 00:00:01                           ;
; Total                     ; 00:00:10     ; --                      ; --                  ; 00:00:05                           ;
+---------------------------+--------------+-------------------------+---------------------+------------------------------------+


+----------------------------------------------------------------------------------------+
; Flow OS Summary                                                                        ;
+---------------------------+------------------+-----------+------------+----------------+
; Module Name               ; Machine Hostname ; OS Name   ; OS Version ; Processor type ;
+---------------------------+------------------+-----------+------------+----------------+
; Analysis & Synthesis      ; XD-PC            ; Windows 7 ; 6.1        ; x86_64         ;
; Fitter                    ; XD-PC            ; Windows 7 ; 6.1        ; x86_64         ;
; Assembler                 ; XD-PC            ; Windows 7 ; 6.1        ; x86_64         ;
; TimeQuest Timing Analyzer ; XD-PC            ; Windows 7 ; 6.1        ; x86_64         ;
+---------------------------+------------------+-----------+------------+----------------+


------------
; Flow Log ;
------------
quartus_map --read_settings_files=on --write_settings_files=off FreqCounter -c FreqCounter
quartus_fit --read_settings_files=off --write_settings_files=off FreqCounter -c FreqCounter
quartus_asm --read_settings_files=off --write_settings_files=off FreqCounter -c FreqCounter
quartus_sta FreqCounter -c FreqCounter



