TimeQuest Timing Analyzer report for FreqCounter
Tue May 19 15:53:01 2015
Quartus II 64-Bit Version 12.1 Build 243 01/31/2013 Service Pack 1.33 SJ Full Version


---------------------
; Table of Contents ;
---------------------
  1. Legal Notice
  2. TimeQuest Timing Analyzer Summary
  3. Parallel Compilation
  4. Clocks
  5. Fmax Summary
  6. Setup Summary
  7. Hold Summary
  8. Recovery Summary
  9. Removal Summary
 10. Minimum Pulse Width Summary
 11. Setup: 'sck'
 12. Setup: 'clk'
 13. Setup: 'refer'
 14. Hold: 'refer'
 15. Hold: 'sck'
 16. Hold: 'clk'
 17. Minimum Pulse Width: 'clk'
 18. Minimum Pulse Width: 'refer'
 19. Minimum Pulse Width: 'sck'
 20. Setup Times
 21. Hold Times
 22. Clock to Output Times
 23. Minimum Clock to Output Times
 24. Setup Transfers
 25. Hold Transfers
 26. Report TCCS
 27. Report RSKM
 28. Unconstrained Paths
 29. TimeQuest Timing Analyzer Messages



----------------
; Legal Notice ;
----------------
Copyright (C) 1991-2012 Altera Corporation
Your use of Altera Corporation's design tools, logic functions 
and other software and tools, and its AMPP partner logic 
functions, and any output files from any of the foregoing 
(including device programming or simulation files), and any 
associated documentation or information are expressly subject 
to the terms and conditions of the Altera Program License 
Subscription Agreement, Altera MegaCore Function License 
Agreement, or other applicable license agreement, including, 
without limitation, that your use is for the sole purpose of 
programming logic devices manufactured by Altera and sold by 
Altera or its authorized distributors.  Please refer to the 
applicable agreement for further details.



+------------------------------------------------------------------------------------------+
; TimeQuest Timing Analyzer Summary                                                        ;
+--------------------+---------------------------------------------------------------------+
; Quartus II Version ; Version 12.1 Build 243 01/31/2013 Service Pack 1.33 SJ Full Version ;
; Revision Name      ; FreqCounter                                                         ;
; Device Family      ; MAX II                                                              ;
; Device Name        ; EPM240T100C5                                                        ;
; Timing Models      ; Final                                                               ;
; Delay Model        ; Slow Model                                                          ;
; Rise/Fall Delays   ; Unavailable                                                         ;
+--------------------+---------------------------------------------------------------------+


+------------------------------------------+
; Parallel Compilation                     ;
+----------------------------+-------------+
; Processors                 ; Number      ;
+----------------------------+-------------+
; Number detected on machine ; 4           ;
; Maximum allowed            ; 4           ;
;                            ;             ;
; Average used               ; 1.00        ;
; Maximum used               ; 4           ;
;                            ;             ;
; Usage by Processor         ; % Time Used ;
;     1 processor            ; 100.0%      ;
;     2-4 processors         ; < 0.1%      ;
+----------------------------+-------------+


+-----------------------------------------------------------------------------------------------------------------------------------------------------------------------------------+
; Clocks                                                                                                                                                                            ;
+------------+------+--------+------------+-------+-------+------------+-----------+-------------+-------+--------+-----------+------------+----------+--------+--------+-----------+
; Clock Name ; Type ; Period ; Frequency  ; Rise  ; Fall  ; Duty Cycle ; Divide by ; Multiply by ; Phase ; Offset ; Edge List ; Edge Shift ; Inverted ; Master ; Source ; Targets   ;
+------------+------+--------+------------+-------+-------+------------+-----------+-------------+-------+--------+-----------+------------+----------+--------+--------+-----------+
; clk        ; Base ; 1.000  ; 1000.0 MHz ; 0.000 ; 0.500 ;            ;           ;             ;       ;        ;           ;            ;          ;        ;        ; { clk }   ;
; refer      ; Base ; 1.000  ; 1000.0 MHz ; 0.000 ; 0.500 ;            ;           ;             ;       ;        ;           ;            ;          ;        ;        ; { refer } ;
; sck        ; Base ; 1.000  ; 1000.0 MHz ; 0.000 ; 0.500 ;            ;           ;             ;       ;        ;           ;            ;          ;        ;        ; { sck }   ;
+------------+------+--------+------------+-------+-------+------------+-----------+-------------+-------+--------+-----------+------------+----------+--------+--------+-----------+


+--------------------------------------------------+
; Fmax Summary                                     ;
+------------+-----------------+------------+------+
; Fmax       ; Restricted Fmax ; Clock Name ; Note ;
+------------+-----------------+------------+------+
; 109.43 MHz ; 109.43 MHz      ; sck        ;      ;
; 162.26 MHz ; 162.26 MHz      ; clk        ;      ;
+------------+-----------------+------------+------+
This panel reports FMAX for every clock in the design, regardless of the user-specified clock periods.  FMAX is only computed for paths where the source and destination registers or ports are driven by the same clock.  Paths of different clocks, including generated clocks, are ignored.  For paths between a clock and its inversion, FMAX is computed as if the rising and falling edges are scaled along with FMAX, such that the duty cycle (in terms of a percentage) is maintained. Altera recommends that you always use clock constraints and other slack reports for sign-off analysis.


+--------------------------------+
; Setup Summary                  ;
+-------+--------+---------------+
; Clock ; Slack  ; End Point TNS ;
+-------+--------+---------------+
; sck   ; -8.138 ; -24.640       ;
; clk   ; -5.163 ; -144.564      ;
; refer ; -2.804 ; -58.417       ;
+-------+--------+---------------+


+-------------------------------+
; Hold Summary                  ;
+-------+-------+---------------+
; Clock ; Slack ; End Point TNS ;
+-------+-------+---------------+
; refer ; 1.532 ; 0.000         ;
; sck   ; 1.650 ; 0.000         ;
; clk   ; 1.762 ; 0.000         ;
+-------+-------+---------------+


--------------------
; Recovery Summary ;
--------------------
No paths to report.


-------------------
; Removal Summary ;
-------------------
No paths to report.


+--------------------------------+
; Minimum Pulse Width Summary    ;
+-------+--------+---------------+
; Clock ; Slack  ; End Point TNS ;
+-------+--------+---------------+
; clk   ; -2.289 ; -2.289        ;
; refer ; -2.289 ; -2.289        ;
; sck   ; -2.289 ; -2.289        ;
+-------+--------+---------------+


+----------------------------------------------------------------------------------------------------------------------+
; Setup: 'sck'                                                                                                         ;
+--------+-------------------+-------------------+--------------+-------------+--------------+------------+------------+
; Slack  ; From Node         ; To Node           ; Launch Clock ; Latch Clock ; Relationship ; Clock Skew ; Data Delay ;
+--------+-------------------+-------------------+--------------+-------------+--------------+------------+------------+
; -8.138 ; SpiSlave:spi|i[1] ; SpiSlave:spi|miso ; sck          ; sck         ; 1.000        ; 0.000      ; 8.805      ;
; -7.826 ; SpiSlave:spi|i[2] ; SpiSlave:spi|miso ; sck          ; sck         ; 1.000        ; 0.000      ; 8.493      ;
; -7.711 ; SpiSlave:spi|i[3] ; SpiSlave:spi|miso ; sck          ; sck         ; 1.000        ; 0.000      ; 8.378      ;
; -7.339 ; SpiSlave:spi|i[0] ; SpiSlave:spi|miso ; sck          ; sck         ; 1.000        ; 0.000      ; 8.006      ;
; -5.574 ; D_FF:dff|q[0]     ; SpiSlave:spi|miso ; refer        ; sck         ; 0.500        ; 2.163      ; 7.904      ;
; -5.418 ; D_FF:dff|q[31]    ; SpiSlave:spi|miso ; refer        ; sck         ; 0.500        ; 2.163      ; 7.748      ;
; -5.104 ; D_FF:dff|q[6]     ; SpiSlave:spi|miso ; refer        ; sck         ; 0.500        ; 2.163      ; 7.434      ;
; -5.099 ; D_FF:dff|q[27]    ; SpiSlave:spi|miso ; refer        ; sck         ; 0.500        ; 2.163      ; 7.429      ;
; -5.051 ; D_FF:dff|q[15]    ; SpiSlave:spi|miso ; refer        ; sck         ; 0.500        ; 2.163      ; 7.381      ;
; -5.002 ; D_FF:dff|q[22]    ; SpiSlave:spi|miso ; refer        ; sck         ; 0.500        ; 2.163      ; 7.332      ;
; -4.989 ; D_FF:dff|q[1]     ; SpiSlave:spi|miso ; refer        ; sck         ; 0.500        ; 2.163      ; 7.319      ;
; -4.925 ; D_FF:dff|q[14]    ; SpiSlave:spi|miso ; refer        ; sck         ; 0.500        ; 2.163      ; 7.255      ;
; -4.899 ; D_FF:dff|q[9]     ; SpiSlave:spi|miso ; refer        ; sck         ; 0.500        ; 2.163      ; 7.229      ;
; -4.605 ; D_FF:dff|q[20]    ; SpiSlave:spi|miso ; refer        ; sck         ; 0.500        ; 2.163      ; 6.935      ;
; -4.516 ; D_FF:dff|q[8]     ; SpiSlave:spi|miso ; refer        ; sck         ; 0.500        ; 2.163      ; 6.846      ;
; -4.378 ; D_FF:dff|q[2]     ; SpiSlave:spi|miso ; refer        ; sck         ; 0.500        ; 2.163      ; 6.708      ;
; -4.325 ; D_FF:dff|q[7]     ; SpiSlave:spi|miso ; refer        ; sck         ; 0.500        ; 2.163      ; 6.655      ;
; -4.262 ; D_FF:dff|q[18]    ; SpiSlave:spi|miso ; refer        ; sck         ; 0.500        ; 2.163      ; 6.592      ;
; -4.039 ; D_FF:dff|q[25]    ; SpiSlave:spi|miso ; refer        ; sck         ; 0.500        ; 2.163      ; 6.369      ;
; -4.038 ; D_FF:dff|q[29]    ; SpiSlave:spi|miso ; refer        ; sck         ; 0.500        ; 2.163      ; 6.368      ;
; -4.007 ; SpiSlave:spi|i[0] ; SpiSlave:spi|i[4] ; sck          ; sck         ; 1.000        ; 0.000      ; 4.674      ;
; -3.884 ; SpiSlave:spi|i[0] ; SpiSlave:spi|i[3] ; sck          ; sck         ; 1.000        ; 0.000      ; 4.551      ;
; -3.810 ; D_FF:dff|q[16]    ; SpiSlave:spi|miso ; refer        ; sck         ; 0.500        ; 2.163      ; 6.140      ;
; -3.778 ; D_FF:dff|q[3]     ; SpiSlave:spi|miso ; refer        ; sck         ; 0.500        ; 2.163      ; 6.108      ;
; -3.761 ; SpiSlave:spi|i[0] ; SpiSlave:spi|i[2] ; sck          ; sck         ; 1.000        ; 0.000      ; 4.428      ;
; -3.644 ; D_FF:dff|q[4]     ; SpiSlave:spi|miso ; refer        ; sck         ; 0.500        ; 2.163      ; 5.974      ;
; -3.638 ; SpiSlave:spi|i[0] ; SpiSlave:spi|i[1] ; sck          ; sck         ; 1.000        ; 0.000      ; 4.305      ;
; -3.396 ; D_FF:dff|q[13]    ; SpiSlave:spi|miso ; refer        ; sck         ; 0.500        ; 2.163      ; 5.726      ;
; -3.384 ; D_FF:dff|q[21]    ; SpiSlave:spi|miso ; refer        ; sck         ; 0.500        ; 2.163      ; 5.714      ;
; -3.370 ; D_FF:dff|q[23]    ; SpiSlave:spi|miso ; refer        ; sck         ; 0.500        ; 2.163      ; 5.700      ;
; -3.322 ; D_FF:dff|q[12]    ; SpiSlave:spi|miso ; refer        ; sck         ; 0.500        ; 2.163      ; 5.652      ;
; -3.294 ; SpiSlave:spi|i[4] ; SpiSlave:spi|miso ; sck          ; sck         ; 1.000        ; 0.000      ; 3.961      ;
; -3.273 ; D_FF:dff|q[5]     ; SpiSlave:spi|miso ; refer        ; sck         ; 0.500        ; 2.163      ; 5.603      ;
; -3.218 ; D_FF:dff|q[26]    ; SpiSlave:spi|miso ; refer        ; sck         ; 0.500        ; 2.163      ; 5.548      ;
; -3.009 ; SpiSlave:spi|i[1] ; SpiSlave:spi|i[4] ; sck          ; sck         ; 1.000        ; 0.000      ; 3.676      ;
; -2.891 ; D_FF:dff|q[11]    ; SpiSlave:spi|miso ; refer        ; sck         ; 0.500        ; 2.163      ; 5.221      ;
; -2.886 ; SpiSlave:spi|i[1] ; SpiSlave:spi|i[3] ; sck          ; sck         ; 1.000        ; 0.000      ; 3.553      ;
; -2.763 ; SpiSlave:spi|i[1] ; SpiSlave:spi|i[2] ; sck          ; sck         ; 1.000        ; 0.000      ; 3.430      ;
; -2.722 ; SpiSlave:spi|i[3] ; SpiSlave:spi|i[4] ; sck          ; sck         ; 1.000        ; 0.000      ; 3.389      ;
; -2.713 ; D_FF:dff|q[19]    ; SpiSlave:spi|miso ; refer        ; sck         ; 0.500        ; 2.163      ; 5.043      ;
; -2.650 ; SpiSlave:spi|i[2] ; SpiSlave:spi|i[4] ; sck          ; sck         ; 1.000        ; 0.000      ; 3.317      ;
; -2.636 ; D_FF:dff|q[30]    ; SpiSlave:spi|miso ; refer        ; sck         ; 0.500        ; 2.163      ; 4.966      ;
; -2.595 ; D_FF:dff|q[24]    ; SpiSlave:spi|miso ; refer        ; sck         ; 0.500        ; 2.163      ; 4.925      ;
; -2.588 ; D_FF:dff|q[10]    ; SpiSlave:spi|miso ; refer        ; sck         ; 0.500        ; 2.163      ; 4.918      ;
; -2.527 ; SpiSlave:spi|i[2] ; SpiSlave:spi|i[3] ; sck          ; sck         ; 1.000        ; 0.000      ; 3.194      ;
; -2.459 ; D_FF:dff|q[28]    ; SpiSlave:spi|miso ; refer        ; sck         ; 0.500        ; 2.163      ; 4.789      ;
; -1.807 ; SpiSlave:spi|i[1] ; SpiSlave:spi|i[1] ; sck          ; sck         ; 1.000        ; 0.000      ; 2.474      ;
; -1.766 ; SpiSlave:spi|i[3] ; SpiSlave:spi|i[3] ; sck          ; sck         ; 1.000        ; 0.000      ; 2.433      ;
; -1.680 ; SpiSlave:spi|i[2] ; SpiSlave:spi|i[2] ; sck          ; sck         ; 1.000        ; 0.000      ; 2.347      ;
; -1.673 ; D_FF:dff|q[17]    ; SpiSlave:spi|miso ; refer        ; sck         ; 0.500        ; 2.163      ; 4.003      ;
; -1.212 ; SpiSlave:spi|i[0] ; SpiSlave:spi|i[0] ; sck          ; sck         ; 1.000        ; 0.000      ; 1.879      ;
; -1.204 ; SpiSlave:spi|i[4] ; SpiSlave:spi|i[4] ; sck          ; sck         ; 1.000        ; 0.000      ; 1.871      ;
+--------+-------------------+-------------------+--------------+-------------+--------------+------------+------------+


+----------------------------------------------------------------------------------------------------------------------------------+
; Setup: 'clk'                                                                                                                     ;
+--------+-------------------------+-------------------------+--------------+-------------+--------------+------------+------------+
; Slack  ; From Node               ; To Node                 ; Launch Clock ; Latch Clock ; Relationship ; Clock Skew ; Data Delay ;
+--------+-------------------------+-------------------------+--------------+-------------+--------------+------------+------------+
; -5.163 ; Counter:counter|sum[1]  ; Counter:counter|sum[26] ; clk          ; clk         ; 1.000        ; 0.000      ; 5.830      ;
; -5.163 ; Counter:counter|sum[1]  ; Counter:counter|sum[27] ; clk          ; clk         ; 1.000        ; 0.000      ; 5.830      ;
; -5.163 ; Counter:counter|sum[1]  ; Counter:counter|sum[28] ; clk          ; clk         ; 1.000        ; 0.000      ; 5.830      ;
; -5.163 ; Counter:counter|sum[1]  ; Counter:counter|sum[29] ; clk          ; clk         ; 1.000        ; 0.000      ; 5.830      ;
; -5.163 ; Counter:counter|sum[1]  ; Counter:counter|sum[30] ; clk          ; clk         ; 1.000        ; 0.000      ; 5.830      ;
; -5.150 ; Counter:counter|sum[1]  ; Counter:counter|sum[31] ; clk          ; clk         ; 1.000        ; 0.000      ; 5.817      ;
; -5.041 ; Counter:counter|sum[2]  ; Counter:counter|sum[26] ; clk          ; clk         ; 1.000        ; 0.000      ; 5.708      ;
; -5.041 ; Counter:counter|sum[2]  ; Counter:counter|sum[27] ; clk          ; clk         ; 1.000        ; 0.000      ; 5.708      ;
; -5.041 ; Counter:counter|sum[2]  ; Counter:counter|sum[28] ; clk          ; clk         ; 1.000        ; 0.000      ; 5.708      ;
; -5.041 ; Counter:counter|sum[2]  ; Counter:counter|sum[29] ; clk          ; clk         ; 1.000        ; 0.000      ; 5.708      ;
; -5.041 ; Counter:counter|sum[2]  ; Counter:counter|sum[30] ; clk          ; clk         ; 1.000        ; 0.000      ; 5.708      ;
; -5.028 ; Counter:counter|sum[2]  ; Counter:counter|sum[31] ; clk          ; clk         ; 1.000        ; 0.000      ; 5.695      ;
; -4.844 ; Counter:counter|sum[0]  ; Counter:counter|sum[26] ; clk          ; clk         ; 1.000        ; 0.000      ; 5.511      ;
; -4.844 ; Counter:counter|sum[0]  ; Counter:counter|sum[27] ; clk          ; clk         ; 1.000        ; 0.000      ; 5.511      ;
; -4.844 ; Counter:counter|sum[0]  ; Counter:counter|sum[28] ; clk          ; clk         ; 1.000        ; 0.000      ; 5.511      ;
; -4.844 ; Counter:counter|sum[0]  ; Counter:counter|sum[29] ; clk          ; clk         ; 1.000        ; 0.000      ; 5.511      ;
; -4.844 ; Counter:counter|sum[0]  ; Counter:counter|sum[30] ; clk          ; clk         ; 1.000        ; 0.000      ; 5.511      ;
; -4.831 ; Counter:counter|sum[0]  ; Counter:counter|sum[31] ; clk          ; clk         ; 1.000        ; 0.000      ; 5.498      ;
; -4.776 ; Counter:counter|sum[4]  ; Counter:counter|sum[26] ; clk          ; clk         ; 1.000        ; 0.000      ; 5.443      ;
; -4.776 ; Counter:counter|sum[4]  ; Counter:counter|sum[27] ; clk          ; clk         ; 1.000        ; 0.000      ; 5.443      ;
; -4.776 ; Counter:counter|sum[4]  ; Counter:counter|sum[28] ; clk          ; clk         ; 1.000        ; 0.000      ; 5.443      ;
; -4.776 ; Counter:counter|sum[4]  ; Counter:counter|sum[29] ; clk          ; clk         ; 1.000        ; 0.000      ; 5.443      ;
; -4.776 ; Counter:counter|sum[4]  ; Counter:counter|sum[30] ; clk          ; clk         ; 1.000        ; 0.000      ; 5.443      ;
; -4.763 ; Counter:counter|sum[4]  ; Counter:counter|sum[31] ; clk          ; clk         ; 1.000        ; 0.000      ; 5.430      ;
; -4.686 ; Counter:counter|sum[3]  ; Counter:counter|sum[26] ; clk          ; clk         ; 1.000        ; 0.000      ; 5.353      ;
; -4.686 ; Counter:counter|sum[3]  ; Counter:counter|sum[27] ; clk          ; clk         ; 1.000        ; 0.000      ; 5.353      ;
; -4.686 ; Counter:counter|sum[3]  ; Counter:counter|sum[28] ; clk          ; clk         ; 1.000        ; 0.000      ; 5.353      ;
; -4.686 ; Counter:counter|sum[3]  ; Counter:counter|sum[29] ; clk          ; clk         ; 1.000        ; 0.000      ; 5.353      ;
; -4.686 ; Counter:counter|sum[3]  ; Counter:counter|sum[30] ; clk          ; clk         ; 1.000        ; 0.000      ; 5.353      ;
; -4.673 ; Counter:counter|sum[3]  ; Counter:counter|sum[31] ; clk          ; clk         ; 1.000        ; 0.000      ; 5.340      ;
; -4.568 ; Counter:counter|sum[1]  ; Counter:counter|sum[19] ; clk          ; clk         ; 1.000        ; 0.000      ; 5.235      ;
; -4.568 ; Counter:counter|sum[1]  ; Counter:counter|sum[18] ; clk          ; clk         ; 1.000        ; 0.000      ; 5.235      ;
; -4.568 ; Counter:counter|sum[1]  ; Counter:counter|sum[20] ; clk          ; clk         ; 1.000        ; 0.000      ; 5.235      ;
; -4.568 ; Counter:counter|sum[1]  ; Counter:counter|sum[17] ; clk          ; clk         ; 1.000        ; 0.000      ; 5.235      ;
; -4.568 ; Counter:counter|sum[1]  ; Counter:counter|sum[16] ; clk          ; clk         ; 1.000        ; 0.000      ; 5.235      ;
; -4.568 ; Counter:counter|sum[11] ; Counter:counter|sum[26] ; clk          ; clk         ; 1.000        ; 0.000      ; 5.235      ;
; -4.568 ; Counter:counter|sum[11] ; Counter:counter|sum[27] ; clk          ; clk         ; 1.000        ; 0.000      ; 5.235      ;
; -4.568 ; Counter:counter|sum[11] ; Counter:counter|sum[28] ; clk          ; clk         ; 1.000        ; 0.000      ; 5.235      ;
; -4.568 ; Counter:counter|sum[11] ; Counter:counter|sum[29] ; clk          ; clk         ; 1.000        ; 0.000      ; 5.235      ;
; -4.568 ; Counter:counter|sum[11] ; Counter:counter|sum[30] ; clk          ; clk         ; 1.000        ; 0.000      ; 5.235      ;
; -4.556 ; Counter:counter|sum[6]  ; Counter:counter|sum[26] ; clk          ; clk         ; 1.000        ; 0.000      ; 5.223      ;
; -4.556 ; Counter:counter|sum[6]  ; Counter:counter|sum[27] ; clk          ; clk         ; 1.000        ; 0.000      ; 5.223      ;
; -4.556 ; Counter:counter|sum[6]  ; Counter:counter|sum[28] ; clk          ; clk         ; 1.000        ; 0.000      ; 5.223      ;
; -4.556 ; Counter:counter|sum[6]  ; Counter:counter|sum[29] ; clk          ; clk         ; 1.000        ; 0.000      ; 5.223      ;
; -4.556 ; Counter:counter|sum[6]  ; Counter:counter|sum[30] ; clk          ; clk         ; 1.000        ; 0.000      ; 5.223      ;
; -4.555 ; Counter:counter|sum[1]  ; Counter:counter|sum[25] ; clk          ; clk         ; 1.000        ; 0.000      ; 5.222      ;
; -4.555 ; Counter:counter|sum[1]  ; Counter:counter|sum[21] ; clk          ; clk         ; 1.000        ; 0.000      ; 5.222      ;
; -4.555 ; Counter:counter|sum[1]  ; Counter:counter|sum[24] ; clk          ; clk         ; 1.000        ; 0.000      ; 5.222      ;
; -4.555 ; Counter:counter|sum[1]  ; Counter:counter|sum[23] ; clk          ; clk         ; 1.000        ; 0.000      ; 5.222      ;
; -4.555 ; Counter:counter|sum[1]  ; Counter:counter|sum[22] ; clk          ; clk         ; 1.000        ; 0.000      ; 5.222      ;
; -4.555 ; Counter:counter|sum[11] ; Counter:counter|sum[31] ; clk          ; clk         ; 1.000        ; 0.000      ; 5.222      ;
; -4.543 ; Counter:counter|sum[6]  ; Counter:counter|sum[31] ; clk          ; clk         ; 1.000        ; 0.000      ; 5.210      ;
; -4.515 ; Counter:counter|sum[5]  ; Counter:counter|sum[26] ; clk          ; clk         ; 1.000        ; 0.000      ; 5.182      ;
; -4.515 ; Counter:counter|sum[5]  ; Counter:counter|sum[27] ; clk          ; clk         ; 1.000        ; 0.000      ; 5.182      ;
; -4.515 ; Counter:counter|sum[5]  ; Counter:counter|sum[28] ; clk          ; clk         ; 1.000        ; 0.000      ; 5.182      ;
; -4.515 ; Counter:counter|sum[5]  ; Counter:counter|sum[29] ; clk          ; clk         ; 1.000        ; 0.000      ; 5.182      ;
; -4.515 ; Counter:counter|sum[5]  ; Counter:counter|sum[30] ; clk          ; clk         ; 1.000        ; 0.000      ; 5.182      ;
; -4.502 ; Counter:counter|sum[5]  ; Counter:counter|sum[31] ; clk          ; clk         ; 1.000        ; 0.000      ; 5.169      ;
; -4.446 ; Counter:counter|sum[2]  ; Counter:counter|sum[19] ; clk          ; clk         ; 1.000        ; 0.000      ; 5.113      ;
; -4.446 ; Counter:counter|sum[2]  ; Counter:counter|sum[18] ; clk          ; clk         ; 1.000        ; 0.000      ; 5.113      ;
; -4.446 ; Counter:counter|sum[2]  ; Counter:counter|sum[20] ; clk          ; clk         ; 1.000        ; 0.000      ; 5.113      ;
; -4.446 ; Counter:counter|sum[2]  ; Counter:counter|sum[17] ; clk          ; clk         ; 1.000        ; 0.000      ; 5.113      ;
; -4.446 ; Counter:counter|sum[2]  ; Counter:counter|sum[16] ; clk          ; clk         ; 1.000        ; 0.000      ; 5.113      ;
; -4.446 ; Counter:counter|sum[12] ; Counter:counter|sum[26] ; clk          ; clk         ; 1.000        ; 0.000      ; 5.113      ;
; -4.446 ; Counter:counter|sum[12] ; Counter:counter|sum[27] ; clk          ; clk         ; 1.000        ; 0.000      ; 5.113      ;
; -4.446 ; Counter:counter|sum[12] ; Counter:counter|sum[28] ; clk          ; clk         ; 1.000        ; 0.000      ; 5.113      ;
; -4.446 ; Counter:counter|sum[12] ; Counter:counter|sum[29] ; clk          ; clk         ; 1.000        ; 0.000      ; 5.113      ;
; -4.446 ; Counter:counter|sum[12] ; Counter:counter|sum[30] ; clk          ; clk         ; 1.000        ; 0.000      ; 5.113      ;
; -4.443 ; Counter:counter|sum[7]  ; Counter:counter|sum[26] ; clk          ; clk         ; 1.000        ; 0.000      ; 5.110      ;
; -4.443 ; Counter:counter|sum[7]  ; Counter:counter|sum[27] ; clk          ; clk         ; 1.000        ; 0.000      ; 5.110      ;
; -4.443 ; Counter:counter|sum[7]  ; Counter:counter|sum[28] ; clk          ; clk         ; 1.000        ; 0.000      ; 5.110      ;
; -4.443 ; Counter:counter|sum[7]  ; Counter:counter|sum[29] ; clk          ; clk         ; 1.000        ; 0.000      ; 5.110      ;
; -4.443 ; Counter:counter|sum[7]  ; Counter:counter|sum[30] ; clk          ; clk         ; 1.000        ; 0.000      ; 5.110      ;
; -4.433 ; Counter:counter|sum[2]  ; Counter:counter|sum[25] ; clk          ; clk         ; 1.000        ; 0.000      ; 5.100      ;
; -4.433 ; Counter:counter|sum[2]  ; Counter:counter|sum[21] ; clk          ; clk         ; 1.000        ; 0.000      ; 5.100      ;
; -4.433 ; Counter:counter|sum[2]  ; Counter:counter|sum[24] ; clk          ; clk         ; 1.000        ; 0.000      ; 5.100      ;
; -4.433 ; Counter:counter|sum[2]  ; Counter:counter|sum[23] ; clk          ; clk         ; 1.000        ; 0.000      ; 5.100      ;
; -4.433 ; Counter:counter|sum[2]  ; Counter:counter|sum[22] ; clk          ; clk         ; 1.000        ; 0.000      ; 5.100      ;
; -4.433 ; Counter:counter|sum[12] ; Counter:counter|sum[31] ; clk          ; clk         ; 1.000        ; 0.000      ; 5.100      ;
; -4.430 ; Counter:counter|sum[7]  ; Counter:counter|sum[31] ; clk          ; clk         ; 1.000        ; 0.000      ; 5.097      ;
; -4.401 ; Counter:counter|sum[9]  ; Counter:counter|sum[26] ; clk          ; clk         ; 1.000        ; 0.000      ; 5.068      ;
; -4.401 ; Counter:counter|sum[9]  ; Counter:counter|sum[27] ; clk          ; clk         ; 1.000        ; 0.000      ; 5.068      ;
; -4.401 ; Counter:counter|sum[9]  ; Counter:counter|sum[28] ; clk          ; clk         ; 1.000        ; 0.000      ; 5.068      ;
; -4.401 ; Counter:counter|sum[9]  ; Counter:counter|sum[29] ; clk          ; clk         ; 1.000        ; 0.000      ; 5.068      ;
; -4.401 ; Counter:counter|sum[9]  ; Counter:counter|sum[30] ; clk          ; clk         ; 1.000        ; 0.000      ; 5.068      ;
; -4.391 ; refer                   ; Counter:counter|sum[26] ; refer        ; clk         ; 0.500        ; 3.348      ; 7.906      ;
; -4.391 ; refer                   ; Counter:counter|sum[27] ; refer        ; clk         ; 0.500        ; 3.348      ; 7.906      ;
; -4.391 ; refer                   ; Counter:counter|sum[28] ; refer        ; clk         ; 0.500        ; 3.348      ; 7.906      ;
; -4.391 ; refer                   ; Counter:counter|sum[29] ; refer        ; clk         ; 0.500        ; 3.348      ; 7.906      ;
; -4.391 ; refer                   ; Counter:counter|sum[30] ; refer        ; clk         ; 0.500        ; 3.348      ; 7.906      ;
; -4.391 ; refer                   ; Counter:counter|sum[31] ; refer        ; clk         ; 0.500        ; 3.348      ; 7.906      ;
; -4.388 ; Counter:counter|sum[9]  ; Counter:counter|sum[31] ; clk          ; clk         ; 1.000        ; 0.000      ; 5.055      ;
; -4.370 ; refer                   ; Counter:counter|sum[19] ; refer        ; clk         ; 0.500        ; 3.348      ; 7.885      ;
; -4.370 ; refer                   ; Counter:counter|sum[18] ; refer        ; clk         ; 0.500        ; 3.348      ; 7.885      ;
; -4.370 ; refer                   ; Counter:counter|sum[25] ; refer        ; clk         ; 0.500        ; 3.348      ; 7.885      ;
; -4.370 ; refer                   ; Counter:counter|sum[20] ; refer        ; clk         ; 0.500        ; 3.348      ; 7.885      ;
; -4.370 ; refer                   ; Counter:counter|sum[21] ; refer        ; clk         ; 0.500        ; 3.348      ; 7.885      ;
; -4.370 ; refer                   ; Counter:counter|sum[17] ; refer        ; clk         ; 0.500        ; 3.348      ; 7.885      ;
; -4.370 ; refer                   ; Counter:counter|sum[24] ; refer        ; clk         ; 0.500        ; 3.348      ; 7.885      ;
; -4.370 ; refer                   ; Counter:counter|sum[16] ; refer        ; clk         ; 0.500        ; 3.348      ; 7.885      ;
+--------+-------------------------+-------------------------+--------------+-------------+--------------+------------+------------+


+-------------------------------------------------------------------------------------------------------------------------+
; Setup: 'refer'                                                                                                          ;
+--------+-------------------------+----------------+--------------+-------------+--------------+------------+------------+
; Slack  ; From Node               ; To Node        ; Launch Clock ; Latch Clock ; Relationship ; Clock Skew ; Data Delay ;
+--------+-------------------------+----------------+--------------+-------------+--------------+------------+------------+
; -2.804 ; Counter:counter|sum[25] ; D_FF:dff|q[25] ; clk          ; refer       ; 1.000        ; 0.110      ; 3.581      ;
; -2.556 ; Counter:counter|sum[10] ; D_FF:dff|q[10] ; clk          ; refer       ; 1.000        ; 0.110      ; 3.333      ;
; -2.482 ; Counter:counter|sum[11] ; D_FF:dff|q[11] ; clk          ; refer       ; 1.000        ; 0.110      ; 3.259      ;
; -2.471 ; Counter:counter|sum[19] ; D_FF:dff|q[19] ; clk          ; refer       ; 1.000        ; 0.110      ; 3.248      ;
; -2.306 ; Counter:counter|sum[17] ; D_FF:dff|q[17] ; clk          ; refer       ; 1.000        ; 0.110      ; 3.083      ;
; -2.295 ; Counter:counter|sum[30] ; D_FF:dff|q[30] ; clk          ; refer       ; 1.000        ; 0.110      ; 3.072      ;
; -1.955 ; Counter:counter|sum[12] ; D_FF:dff|q[12] ; clk          ; refer       ; 1.000        ; 0.110      ; 2.732      ;
; -1.951 ; Counter:counter|sum[23] ; D_FF:dff|q[23] ; clk          ; refer       ; 1.000        ; 0.110      ; 2.728      ;
; -1.890 ; Counter:counter|sum[13] ; D_FF:dff|q[13] ; clk          ; refer       ; 1.000        ; 0.110      ; 2.667      ;
; -1.883 ; Counter:counter|sum[18] ; D_FF:dff|q[18] ; clk          ; refer       ; 1.000        ; 0.110      ; 2.660      ;
; -1.877 ; Counter:counter|sum[3]  ; D_FF:dff|q[3]  ; clk          ; refer       ; 1.000        ; 0.110      ; 2.654      ;
; -1.860 ; Counter:counter|sum[1]  ; D_FF:dff|q[1]  ; clk          ; refer       ; 1.000        ; 0.110      ; 2.637      ;
; -1.857 ; Counter:counter|sum[28] ; D_FF:dff|q[28] ; clk          ; refer       ; 1.000        ; 0.110      ; 2.634      ;
; -1.851 ; Counter:counter|sum[16] ; D_FF:dff|q[16] ; clk          ; refer       ; 1.000        ; 0.110      ; 2.628      ;
; -1.841 ; Counter:counter|sum[21] ; D_FF:dff|q[21] ; clk          ; refer       ; 1.000        ; 0.110      ; 2.618      ;
; -1.840 ; Counter:counter|sum[26] ; D_FF:dff|q[26] ; clk          ; refer       ; 1.000        ; 0.110      ; 2.617      ;
; -1.830 ; Counter:counter|sum[8]  ; D_FF:dff|q[8]  ; clk          ; refer       ; 1.000        ; 0.110      ; 2.607      ;
; -1.763 ; Counter:counter|sum[7]  ; D_FF:dff|q[7]  ; clk          ; refer       ; 1.000        ; 0.110      ; 2.540      ;
; -1.762 ; Counter:counter|sum[6]  ; D_FF:dff|q[6]  ; clk          ; refer       ; 1.000        ; 0.110      ; 2.539      ;
; -1.752 ; Counter:counter|sum[9]  ; D_FF:dff|q[9]  ; clk          ; refer       ; 1.000        ; 0.110      ; 2.529      ;
; -1.742 ; Counter:counter|sum[22] ; D_FF:dff|q[22] ; clk          ; refer       ; 1.000        ; 0.110      ; 2.519      ;
; -1.735 ; Counter:counter|sum[15] ; D_FF:dff|q[15] ; clk          ; refer       ; 1.000        ; 0.110      ; 2.512      ;
; -1.722 ; Counter:counter|sum[4]  ; D_FF:dff|q[4]  ; clk          ; refer       ; 1.000        ; 0.110      ; 2.499      ;
; -1.713 ; Counter:counter|sum[20] ; D_FF:dff|q[20] ; clk          ; refer       ; 1.000        ; 0.110      ; 2.490      ;
; -1.704 ; Counter:counter|sum[24] ; D_FF:dff|q[24] ; clk          ; refer       ; 1.000        ; 0.110      ; 2.481      ;
; -1.496 ; Counter:counter|sum[14] ; D_FF:dff|q[14] ; clk          ; refer       ; 1.000        ; 0.110      ; 2.273      ;
; -1.476 ; Counter:counter|sum[0]  ; D_FF:dff|q[0]  ; clk          ; refer       ; 1.000        ; 0.110      ; 2.253      ;
; -1.355 ; Counter:counter|sum[31] ; D_FF:dff|q[31] ; clk          ; refer       ; 1.000        ; 0.110      ; 2.132      ;
; -1.227 ; Counter:counter|sum[5]  ; D_FF:dff|q[5]  ; clk          ; refer       ; 1.000        ; 0.110      ; 2.004      ;
; -1.216 ; Counter:counter|sum[2]  ; D_FF:dff|q[2]  ; clk          ; refer       ; 1.000        ; 0.110      ; 1.993      ;
; -1.119 ; Counter:counter|sum[27] ; D_FF:dff|q[27] ; clk          ; refer       ; 1.000        ; 0.110      ; 1.896      ;
; -1.086 ; Counter:counter|sum[29] ; D_FF:dff|q[29] ; clk          ; refer       ; 1.000        ; 0.110      ; 1.863      ;
+--------+-------------------------+----------------+--------------+-------------+--------------+------------+------------+


+------------------------------------------------------------------------------------------------------------------------+
; Hold: 'refer'                                                                                                          ;
+-------+-------------------------+----------------+--------------+-------------+--------------+------------+------------+
; Slack ; From Node               ; To Node        ; Launch Clock ; Latch Clock ; Relationship ; Clock Skew ; Data Delay ;
+-------+-------------------------+----------------+--------------+-------------+--------------+------------+------------+
; 1.532 ; Counter:counter|sum[29] ; D_FF:dff|q[29] ; clk          ; refer       ; 0.000        ; 0.110      ; 1.863      ;
; 1.565 ; Counter:counter|sum[27] ; D_FF:dff|q[27] ; clk          ; refer       ; 0.000        ; 0.110      ; 1.896      ;
; 1.662 ; Counter:counter|sum[2]  ; D_FF:dff|q[2]  ; clk          ; refer       ; 0.000        ; 0.110      ; 1.993      ;
; 1.673 ; Counter:counter|sum[5]  ; D_FF:dff|q[5]  ; clk          ; refer       ; 0.000        ; 0.110      ; 2.004      ;
; 1.801 ; Counter:counter|sum[31] ; D_FF:dff|q[31] ; clk          ; refer       ; 0.000        ; 0.110      ; 2.132      ;
; 1.922 ; Counter:counter|sum[0]  ; D_FF:dff|q[0]  ; clk          ; refer       ; 0.000        ; 0.110      ; 2.253      ;
; 1.942 ; Counter:counter|sum[14] ; D_FF:dff|q[14] ; clk          ; refer       ; 0.000        ; 0.110      ; 2.273      ;
; 2.150 ; Counter:counter|sum[24] ; D_FF:dff|q[24] ; clk          ; refer       ; 0.000        ; 0.110      ; 2.481      ;
; 2.159 ; Counter:counter|sum[20] ; D_FF:dff|q[20] ; clk          ; refer       ; 0.000        ; 0.110      ; 2.490      ;
; 2.168 ; Counter:counter|sum[4]  ; D_FF:dff|q[4]  ; clk          ; refer       ; 0.000        ; 0.110      ; 2.499      ;
; 2.181 ; Counter:counter|sum[15] ; D_FF:dff|q[15] ; clk          ; refer       ; 0.000        ; 0.110      ; 2.512      ;
; 2.188 ; Counter:counter|sum[22] ; D_FF:dff|q[22] ; clk          ; refer       ; 0.000        ; 0.110      ; 2.519      ;
; 2.198 ; Counter:counter|sum[9]  ; D_FF:dff|q[9]  ; clk          ; refer       ; 0.000        ; 0.110      ; 2.529      ;
; 2.208 ; Counter:counter|sum[6]  ; D_FF:dff|q[6]  ; clk          ; refer       ; 0.000        ; 0.110      ; 2.539      ;
; 2.209 ; Counter:counter|sum[7]  ; D_FF:dff|q[7]  ; clk          ; refer       ; 0.000        ; 0.110      ; 2.540      ;
; 2.276 ; Counter:counter|sum[8]  ; D_FF:dff|q[8]  ; clk          ; refer       ; 0.000        ; 0.110      ; 2.607      ;
; 2.286 ; Counter:counter|sum[26] ; D_FF:dff|q[26] ; clk          ; refer       ; 0.000        ; 0.110      ; 2.617      ;
; 2.287 ; Counter:counter|sum[21] ; D_FF:dff|q[21] ; clk          ; refer       ; 0.000        ; 0.110      ; 2.618      ;
; 2.297 ; Counter:counter|sum[16] ; D_FF:dff|q[16] ; clk          ; refer       ; 0.000        ; 0.110      ; 2.628      ;
; 2.303 ; Counter:counter|sum[28] ; D_FF:dff|q[28] ; clk          ; refer       ; 0.000        ; 0.110      ; 2.634      ;
; 2.306 ; Counter:counter|sum[1]  ; D_FF:dff|q[1]  ; clk          ; refer       ; 0.000        ; 0.110      ; 2.637      ;
; 2.323 ; Counter:counter|sum[3]  ; D_FF:dff|q[3]  ; clk          ; refer       ; 0.000        ; 0.110      ; 2.654      ;
; 2.329 ; Counter:counter|sum[18] ; D_FF:dff|q[18] ; clk          ; refer       ; 0.000        ; 0.110      ; 2.660      ;
; 2.336 ; Counter:counter|sum[13] ; D_FF:dff|q[13] ; clk          ; refer       ; 0.000        ; 0.110      ; 2.667      ;
; 2.397 ; Counter:counter|sum[23] ; D_FF:dff|q[23] ; clk          ; refer       ; 0.000        ; 0.110      ; 2.728      ;
; 2.401 ; Counter:counter|sum[12] ; D_FF:dff|q[12] ; clk          ; refer       ; 0.000        ; 0.110      ; 2.732      ;
; 2.741 ; Counter:counter|sum[30] ; D_FF:dff|q[30] ; clk          ; refer       ; 0.000        ; 0.110      ; 3.072      ;
; 2.752 ; Counter:counter|sum[17] ; D_FF:dff|q[17] ; clk          ; refer       ; 0.000        ; 0.110      ; 3.083      ;
; 2.917 ; Counter:counter|sum[19] ; D_FF:dff|q[19] ; clk          ; refer       ; 0.000        ; 0.110      ; 3.248      ;
; 2.928 ; Counter:counter|sum[11] ; D_FF:dff|q[11] ; clk          ; refer       ; 0.000        ; 0.110      ; 3.259      ;
; 3.002 ; Counter:counter|sum[10] ; D_FF:dff|q[10] ; clk          ; refer       ; 0.000        ; 0.110      ; 3.333      ;
; 3.250 ; Counter:counter|sum[25] ; D_FF:dff|q[25] ; clk          ; refer       ; 0.000        ; 0.110      ; 3.581      ;
+-------+-------------------------+----------------+--------------+-------------+--------------+------------+------------+


+---------------------------------------------------------------------------------------------------------------------+
; Hold: 'sck'                                                                                                         ;
+-------+-------------------+-------------------+--------------+-------------+--------------+------------+------------+
; Slack ; From Node         ; To Node           ; Launch Clock ; Latch Clock ; Relationship ; Clock Skew ; Data Delay ;
+-------+-------------------+-------------------+--------------+-------------+--------------+------------+------------+
; 1.650 ; SpiSlave:spi|i[4] ; SpiSlave:spi|i[4] ; sck          ; sck         ; 0.000        ; 0.000      ; 1.871      ;
; 1.658 ; SpiSlave:spi|i[0] ; SpiSlave:spi|i[0] ; sck          ; sck         ; 0.000        ; 0.000      ; 1.879      ;
; 2.119 ; D_FF:dff|q[17]    ; SpiSlave:spi|miso ; refer        ; sck         ; -0.500       ; 2.163      ; 4.003      ;
; 2.126 ; SpiSlave:spi|i[2] ; SpiSlave:spi|i[2] ; sck          ; sck         ; 0.000        ; 0.000      ; 2.347      ;
; 2.212 ; SpiSlave:spi|i[3] ; SpiSlave:spi|i[3] ; sck          ; sck         ; 0.000        ; 0.000      ; 2.433      ;
; 2.253 ; SpiSlave:spi|i[1] ; SpiSlave:spi|i[1] ; sck          ; sck         ; 0.000        ; 0.000      ; 2.474      ;
; 2.905 ; D_FF:dff|q[28]    ; SpiSlave:spi|miso ; refer        ; sck         ; -0.500       ; 2.163      ; 4.789      ;
; 2.958 ; SpiSlave:spi|i[2] ; SpiSlave:spi|i[3] ; sck          ; sck         ; 0.000        ; 0.000      ; 3.179      ;
; 3.034 ; D_FF:dff|q[10]    ; SpiSlave:spi|miso ; refer        ; sck         ; -0.500       ; 2.163      ; 4.918      ;
; 3.041 ; D_FF:dff|q[24]    ; SpiSlave:spi|miso ; refer        ; sck         ; -0.500       ; 2.163      ; 4.925      ;
; 3.069 ; SpiSlave:spi|i[2] ; SpiSlave:spi|i[4] ; sck          ; sck         ; 0.000        ; 0.000      ; 3.290      ;
; 3.082 ; D_FF:dff|q[30]    ; SpiSlave:spi|miso ; refer        ; sck         ; -0.500       ; 2.163      ; 4.966      ;
; 3.152 ; SpiSlave:spi|i[3] ; SpiSlave:spi|i[4] ; sck          ; sck         ; 0.000        ; 0.000      ; 3.373      ;
; 3.159 ; D_FF:dff|q[19]    ; SpiSlave:spi|miso ; refer        ; sck         ; -0.500       ; 2.163      ; 5.043      ;
; 3.193 ; SpiSlave:spi|i[1] ; SpiSlave:spi|i[2] ; sck          ; sck         ; 0.000        ; 0.000      ; 3.414      ;
; 3.304 ; SpiSlave:spi|i[1] ; SpiSlave:spi|i[3] ; sck          ; sck         ; 0.000        ; 0.000      ; 3.525      ;
; 3.337 ; D_FF:dff|q[11]    ; SpiSlave:spi|miso ; refer        ; sck         ; -0.500       ; 2.163      ; 5.221      ;
; 3.415 ; SpiSlave:spi|i[1] ; SpiSlave:spi|i[4] ; sck          ; sck         ; 0.000        ; 0.000      ; 3.636      ;
; 3.664 ; D_FF:dff|q[26]    ; SpiSlave:spi|miso ; refer        ; sck         ; -0.500       ; 2.163      ; 5.548      ;
; 3.719 ; D_FF:dff|q[5]     ; SpiSlave:spi|miso ; refer        ; sck         ; -0.500       ; 2.163      ; 5.603      ;
; 3.740 ; SpiSlave:spi|i[4] ; SpiSlave:spi|miso ; sck          ; sck         ; 0.000        ; 0.000      ; 3.961      ;
; 3.768 ; D_FF:dff|q[12]    ; SpiSlave:spi|miso ; refer        ; sck         ; -0.500       ; 2.163      ; 5.652      ;
; 3.816 ; D_FF:dff|q[23]    ; SpiSlave:spi|miso ; refer        ; sck         ; -0.500       ; 2.163      ; 5.700      ;
; 3.830 ; D_FF:dff|q[21]    ; SpiSlave:spi|miso ; refer        ; sck         ; -0.500       ; 2.163      ; 5.714      ;
; 3.842 ; D_FF:dff|q[13]    ; SpiSlave:spi|miso ; refer        ; sck         ; -0.500       ; 2.163      ; 5.726      ;
; 4.069 ; SpiSlave:spi|i[0] ; SpiSlave:spi|i[1] ; sck          ; sck         ; 0.000        ; 0.000      ; 4.290      ;
; 4.090 ; D_FF:dff|q[4]     ; SpiSlave:spi|miso ; refer        ; sck         ; -0.500       ; 2.163      ; 5.974      ;
; 4.180 ; SpiSlave:spi|i[0] ; SpiSlave:spi|i[2] ; sck          ; sck         ; 0.000        ; 0.000      ; 4.401      ;
; 4.224 ; D_FF:dff|q[3]     ; SpiSlave:spi|miso ; refer        ; sck         ; -0.500       ; 2.163      ; 6.108      ;
; 4.256 ; D_FF:dff|q[16]    ; SpiSlave:spi|miso ; refer        ; sck         ; -0.500       ; 2.163      ; 6.140      ;
; 4.291 ; SpiSlave:spi|i[0] ; SpiSlave:spi|i[3] ; sck          ; sck         ; 0.000        ; 0.000      ; 4.512      ;
; 4.402 ; SpiSlave:spi|i[0] ; SpiSlave:spi|i[4] ; sck          ; sck         ; 0.000        ; 0.000      ; 4.623      ;
; 4.484 ; D_FF:dff|q[29]    ; SpiSlave:spi|miso ; refer        ; sck         ; -0.500       ; 2.163      ; 6.368      ;
; 4.485 ; D_FF:dff|q[25]    ; SpiSlave:spi|miso ; refer        ; sck         ; -0.500       ; 2.163      ; 6.369      ;
; 4.708 ; D_FF:dff|q[18]    ; SpiSlave:spi|miso ; refer        ; sck         ; -0.500       ; 2.163      ; 6.592      ;
; 4.771 ; D_FF:dff|q[7]     ; SpiSlave:spi|miso ; refer        ; sck         ; -0.500       ; 2.163      ; 6.655      ;
; 4.824 ; D_FF:dff|q[2]     ; SpiSlave:spi|miso ; refer        ; sck         ; -0.500       ; 2.163      ; 6.708      ;
; 4.962 ; D_FF:dff|q[8]     ; SpiSlave:spi|miso ; refer        ; sck         ; -0.500       ; 2.163      ; 6.846      ;
; 5.051 ; D_FF:dff|q[20]    ; SpiSlave:spi|miso ; refer        ; sck         ; -0.500       ; 2.163      ; 6.935      ;
; 5.345 ; D_FF:dff|q[9]     ; SpiSlave:spi|miso ; refer        ; sck         ; -0.500       ; 2.163      ; 7.229      ;
; 5.371 ; D_FF:dff|q[14]    ; SpiSlave:spi|miso ; refer        ; sck         ; -0.500       ; 2.163      ; 7.255      ;
; 5.435 ; D_FF:dff|q[1]     ; SpiSlave:spi|miso ; refer        ; sck         ; -0.500       ; 2.163      ; 7.319      ;
; 5.442 ; SpiSlave:spi|i[3] ; SpiSlave:spi|miso ; sck          ; sck         ; 0.000        ; 0.000      ; 5.663      ;
; 5.448 ; D_FF:dff|q[22]    ; SpiSlave:spi|miso ; refer        ; sck         ; -0.500       ; 2.163      ; 7.332      ;
; 5.497 ; D_FF:dff|q[15]    ; SpiSlave:spi|miso ; refer        ; sck         ; -0.500       ; 2.163      ; 7.381      ;
; 5.545 ; D_FF:dff|q[27]    ; SpiSlave:spi|miso ; refer        ; sck         ; -0.500       ; 2.163      ; 7.429      ;
; 5.550 ; D_FF:dff|q[6]     ; SpiSlave:spi|miso ; refer        ; sck         ; -0.500       ; 2.163      ; 7.434      ;
; 5.652 ; SpiSlave:spi|i[1] ; SpiSlave:spi|miso ; sck          ; sck         ; 0.000        ; 0.000      ; 5.873      ;
; 5.864 ; D_FF:dff|q[31]    ; SpiSlave:spi|miso ; refer        ; sck         ; -0.500       ; 2.163      ; 7.748      ;
; 5.885 ; SpiSlave:spi|i[0] ; SpiSlave:spi|miso ; sck          ; sck         ; 0.000        ; 0.000      ; 6.106      ;
; 6.020 ; D_FF:dff|q[0]     ; SpiSlave:spi|miso ; refer        ; sck         ; -0.500       ; 2.163      ; 7.904      ;
; 6.311 ; SpiSlave:spi|i[2] ; SpiSlave:spi|miso ; sck          ; sck         ; 0.000        ; 0.000      ; 6.532      ;
+-------+-------------------+-------------------+--------------+-------------+--------------+------------+------------+


+---------------------------------------------------------------------------------------------------------------------------------+
; Hold: 'clk'                                                                                                                     ;
+-------+-------------------------+-------------------------+--------------+-------------+--------------+------------+------------+
; Slack ; From Node               ; To Node                 ; Launch Clock ; Latch Clock ; Relationship ; Clock Skew ; Data Delay ;
+-------+-------------------------+-------------------------+--------------+-------------+--------------+------------+------------+
; 1.762 ; refer                   ; Counter:counter|lastClr ; refer        ; clk         ; 0.000        ; 3.348      ; 5.331      ;
; 2.107 ; Counter:counter|sum[5]  ; Counter:counter|sum[5]  ; clk          ; clk         ; 0.000        ; 0.000      ; 2.328      ;
; 2.108 ; Counter:counter|sum[3]  ; Counter:counter|sum[3]  ; clk          ; clk         ; 0.000        ; 0.000      ; 2.329      ;
; 2.116 ; Counter:counter|sum[26] ; Counter:counter|sum[26] ; clk          ; clk         ; 0.000        ; 0.000      ; 2.337      ;
; 2.116 ; Counter:counter|sum[16] ; Counter:counter|sum[16] ; clk          ; clk         ; 0.000        ; 0.000      ; 2.337      ;
; 2.116 ; Counter:counter|sum[6]  ; Counter:counter|sum[6]  ; clk          ; clk         ; 0.000        ; 0.000      ; 2.337      ;
; 2.117 ; Counter:counter|sum[23] ; Counter:counter|sum[23] ; clk          ; clk         ; 0.000        ; 0.000      ; 2.338      ;
; 2.117 ; Counter:counter|sum[13] ; Counter:counter|sum[13] ; clk          ; clk         ; 0.000        ; 0.000      ; 2.338      ;
; 2.126 ; Counter:counter|sum[15] ; Counter:counter|sum[15] ; clk          ; clk         ; 0.000        ; 0.000      ; 2.347      ;
; 2.126 ; Counter:counter|sum[18] ; Counter:counter|sum[18] ; clk          ; clk         ; 0.000        ; 0.000      ; 2.347      ;
; 2.126 ; Counter:counter|sum[25] ; Counter:counter|sum[25] ; clk          ; clk         ; 0.000        ; 0.000      ; 2.347      ;
; 2.126 ; Counter:counter|sum[28] ; Counter:counter|sum[28] ; clk          ; clk         ; 0.000        ; 0.000      ; 2.347      ;
; 2.126 ; Counter:counter|sum[17] ; Counter:counter|sum[17] ; clk          ; clk         ; 0.000        ; 0.000      ; 2.347      ;
; 2.126 ; Counter:counter|sum[8]  ; Counter:counter|sum[8]  ; clk          ; clk         ; 0.000        ; 0.000      ; 2.347      ;
; 2.126 ; Counter:counter|sum[7]  ; Counter:counter|sum[7]  ; clk          ; clk         ; 0.000        ; 0.000      ; 2.347      ;
; 2.135 ; Counter:counter|sum[27] ; Counter:counter|sum[27] ; clk          ; clk         ; 0.000        ; 0.000      ; 2.356      ;
; 2.212 ; Counter:counter|sum[4]  ; Counter:counter|sum[4]  ; clk          ; clk         ; 0.000        ; 0.000      ; 2.433      ;
; 2.221 ; Counter:counter|sum[19] ; Counter:counter|sum[19] ; clk          ; clk         ; 0.000        ; 0.000      ; 2.442      ;
; 2.221 ; Counter:counter|sum[24] ; Counter:counter|sum[24] ; clk          ; clk         ; 0.000        ; 0.000      ; 2.442      ;
; 2.221 ; Counter:counter|sum[14] ; Counter:counter|sum[14] ; clk          ; clk         ; 0.000        ; 0.000      ; 2.442      ;
; 2.221 ; Counter:counter|sum[9]  ; Counter:counter|sum[9]  ; clk          ; clk         ; 0.000        ; 0.000      ; 2.442      ;
; 2.222 ; Counter:counter|sum[30] ; Counter:counter|sum[30] ; clk          ; clk         ; 0.000        ; 0.000      ; 2.443      ;
; 2.230 ; Counter:counter|sum[21] ; Counter:counter|sum[21] ; clk          ; clk         ; 0.000        ; 0.000      ; 2.451      ;
; 2.230 ; Counter:counter|sum[1]  ; Counter:counter|sum[1]  ; clk          ; clk         ; 0.000        ; 0.000      ; 2.451      ;
; 2.230 ; Counter:counter|sum[11] ; Counter:counter|sum[11] ; clk          ; clk         ; 0.000        ; 0.000      ; 2.451      ;
; 2.231 ; Counter:counter|sum[20] ; Counter:counter|sum[20] ; clk          ; clk         ; 0.000        ; 0.000      ; 2.452      ;
; 2.231 ; Counter:counter|sum[22] ; Counter:counter|sum[22] ; clk          ; clk         ; 0.000        ; 0.000      ; 2.452      ;
; 2.231 ; Counter:counter|sum[10] ; Counter:counter|sum[10] ; clk          ; clk         ; 0.000        ; 0.000      ; 2.452      ;
; 2.231 ; Counter:counter|sum[12] ; Counter:counter|sum[12] ; clk          ; clk         ; 0.000        ; 0.000      ; 2.452      ;
; 2.231 ; Counter:counter|sum[0]  ; Counter:counter|sum[0]  ; clk          ; clk         ; 0.000        ; 0.000      ; 2.452      ;
; 2.231 ; Counter:counter|sum[2]  ; Counter:counter|sum[2]  ; clk          ; clk         ; 0.000        ; 0.000      ; 2.452      ;
; 2.262 ; refer                   ; Counter:counter|lastClr ; refer        ; clk         ; -0.500       ; 3.348      ; 5.331      ;
; 2.605 ; Counter:counter|sum[29] ; Counter:counter|sum[29] ; clk          ; clk         ; 0.000        ; 0.000      ; 2.826      ;
; 2.628 ; Counter:counter|sum[31] ; Counter:counter|sum[31] ; clk          ; clk         ; 0.000        ; 0.000      ; 2.849      ;
; 2.940 ; Counter:counter|sum[3]  ; Counter:counter|sum[4]  ; clk          ; clk         ; 0.000        ; 0.000      ; 3.161      ;
; 2.948 ; Counter:counter|sum[26] ; Counter:counter|sum[27] ; clk          ; clk         ; 0.000        ; 0.000      ; 3.169      ;
; 2.948 ; Counter:counter|sum[16] ; Counter:counter|sum[17] ; clk          ; clk         ; 0.000        ; 0.000      ; 3.169      ;
; 2.948 ; Counter:counter|sum[6]  ; Counter:counter|sum[7]  ; clk          ; clk         ; 0.000        ; 0.000      ; 3.169      ;
; 2.949 ; Counter:counter|sum[23] ; Counter:counter|sum[24] ; clk          ; clk         ; 0.000        ; 0.000      ; 3.170      ;
; 2.949 ; Counter:counter|sum[13] ; Counter:counter|sum[14] ; clk          ; clk         ; 0.000        ; 0.000      ; 3.170      ;
; 2.958 ; Counter:counter|sum[18] ; Counter:counter|sum[19] ; clk          ; clk         ; 0.000        ; 0.000      ; 3.179      ;
; 2.958 ; Counter:counter|sum[17] ; Counter:counter|sum[18] ; clk          ; clk         ; 0.000        ; 0.000      ; 3.179      ;
; 2.958 ; Counter:counter|sum[28] ; Counter:counter|sum[29] ; clk          ; clk         ; 0.000        ; 0.000      ; 3.179      ;
; 2.958 ; Counter:counter|sum[7]  ; Counter:counter|sum[8]  ; clk          ; clk         ; 0.000        ; 0.000      ; 3.179      ;
; 2.958 ; Counter:counter|sum[8]  ; Counter:counter|sum[9]  ; clk          ; clk         ; 0.000        ; 0.000      ; 3.179      ;
; 2.967 ; Counter:counter|sum[27] ; Counter:counter|sum[28] ; clk          ; clk         ; 0.000        ; 0.000      ; 3.188      ;
; 3.051 ; Counter:counter|sum[3]  ; Counter:counter|sum[5]  ; clk          ; clk         ; 0.000        ; 0.000      ; 3.272      ;
; 3.059 ; Counter:counter|sum[16] ; Counter:counter|sum[18] ; clk          ; clk         ; 0.000        ; 0.000      ; 3.280      ;
; 3.059 ; Counter:counter|sum[6]  ; Counter:counter|sum[8]  ; clk          ; clk         ; 0.000        ; 0.000      ; 3.280      ;
; 3.059 ; Counter:counter|sum[26] ; Counter:counter|sum[28] ; clk          ; clk         ; 0.000        ; 0.000      ; 3.280      ;
; 3.060 ; Counter:counter|sum[13] ; Counter:counter|sum[15] ; clk          ; clk         ; 0.000        ; 0.000      ; 3.281      ;
; 3.060 ; Counter:counter|sum[23] ; Counter:counter|sum[25] ; clk          ; clk         ; 0.000        ; 0.000      ; 3.281      ;
; 3.069 ; Counter:counter|sum[18] ; Counter:counter|sum[20] ; clk          ; clk         ; 0.000        ; 0.000      ; 3.290      ;
; 3.069 ; Counter:counter|sum[28] ; Counter:counter|sum[30] ; clk          ; clk         ; 0.000        ; 0.000      ; 3.290      ;
; 3.069 ; Counter:counter|sum[8]  ; Counter:counter|sum[10] ; clk          ; clk         ; 0.000        ; 0.000      ; 3.290      ;
; 3.069 ; Counter:counter|sum[17] ; Counter:counter|sum[19] ; clk          ; clk         ; 0.000        ; 0.000      ; 3.290      ;
; 3.069 ; Counter:counter|sum[7]  ; Counter:counter|sum[9]  ; clk          ; clk         ; 0.000        ; 0.000      ; 3.290      ;
; 3.078 ; Counter:counter|sum[27] ; Counter:counter|sum[29] ; clk          ; clk         ; 0.000        ; 0.000      ; 3.299      ;
; 3.152 ; Counter:counter|sum[4]  ; Counter:counter|sum[5]  ; clk          ; clk         ; 0.000        ; 0.000      ; 3.373      ;
; 3.161 ; Counter:counter|sum[14] ; Counter:counter|sum[15] ; clk          ; clk         ; 0.000        ; 0.000      ; 3.382      ;
; 3.161 ; Counter:counter|sum[24] ; Counter:counter|sum[25] ; clk          ; clk         ; 0.000        ; 0.000      ; 3.382      ;
; 3.161 ; Counter:counter|sum[19] ; Counter:counter|sum[20] ; clk          ; clk         ; 0.000        ; 0.000      ; 3.382      ;
; 3.161 ; Counter:counter|sum[9]  ; Counter:counter|sum[10] ; clk          ; clk         ; 0.000        ; 0.000      ; 3.382      ;
; 3.170 ; Counter:counter|sum[21] ; Counter:counter|sum[22] ; clk          ; clk         ; 0.000        ; 0.000      ; 3.391      ;
; 3.170 ; Counter:counter|sum[11] ; Counter:counter|sum[12] ; clk          ; clk         ; 0.000        ; 0.000      ; 3.391      ;
; 3.170 ; Counter:counter|sum[1]  ; Counter:counter|sum[2]  ; clk          ; clk         ; 0.000        ; 0.000      ; 3.391      ;
; 3.170 ; Counter:counter|sum[16] ; Counter:counter|sum[19] ; clk          ; clk         ; 0.000        ; 0.000      ; 3.391      ;
; 3.170 ; Counter:counter|sum[6]  ; Counter:counter|sum[9]  ; clk          ; clk         ; 0.000        ; 0.000      ; 3.391      ;
; 3.170 ; Counter:counter|sum[26] ; Counter:counter|sum[29] ; clk          ; clk         ; 0.000        ; 0.000      ; 3.391      ;
; 3.171 ; Counter:counter|sum[22] ; Counter:counter|sum[23] ; clk          ; clk         ; 0.000        ; 0.000      ; 3.392      ;
; 3.171 ; Counter:counter|sum[2]  ; Counter:counter|sum[3]  ; clk          ; clk         ; 0.000        ; 0.000      ; 3.392      ;
; 3.171 ; Counter:counter|sum[12] ; Counter:counter|sum[13] ; clk          ; clk         ; 0.000        ; 0.000      ; 3.392      ;
; 3.180 ; Counter:counter|sum[17] ; Counter:counter|sum[20] ; clk          ; clk         ; 0.000        ; 0.000      ; 3.401      ;
; 3.180 ; Counter:counter|sum[7]  ; Counter:counter|sum[10] ; clk          ; clk         ; 0.000        ; 0.000      ; 3.401      ;
; 3.189 ; Counter:counter|sum[27] ; Counter:counter|sum[30] ; clk          ; clk         ; 0.000        ; 0.000      ; 3.410      ;
; 3.281 ; Counter:counter|sum[21] ; Counter:counter|sum[23] ; clk          ; clk         ; 0.000        ; 0.000      ; 3.502      ;
; 3.281 ; Counter:counter|sum[1]  ; Counter:counter|sum[3]  ; clk          ; clk         ; 0.000        ; 0.000      ; 3.502      ;
; 3.281 ; Counter:counter|sum[11] ; Counter:counter|sum[13] ; clk          ; clk         ; 0.000        ; 0.000      ; 3.502      ;
; 3.281 ; Counter:counter|sum[16] ; Counter:counter|sum[20] ; clk          ; clk         ; 0.000        ; 0.000      ; 3.502      ;
; 3.281 ; Counter:counter|sum[6]  ; Counter:counter|sum[10] ; clk          ; clk         ; 0.000        ; 0.000      ; 3.502      ;
; 3.281 ; Counter:counter|sum[26] ; Counter:counter|sum[30] ; clk          ; clk         ; 0.000        ; 0.000      ; 3.502      ;
; 3.282 ; Counter:counter|sum[2]  ; Counter:counter|sum[4]  ; clk          ; clk         ; 0.000        ; 0.000      ; 3.503      ;
; 3.282 ; Counter:counter|sum[22] ; Counter:counter|sum[24] ; clk          ; clk         ; 0.000        ; 0.000      ; 3.503      ;
; 3.282 ; Counter:counter|sum[12] ; Counter:counter|sum[14] ; clk          ; clk         ; 0.000        ; 0.000      ; 3.503      ;
; 3.392 ; Counter:counter|sum[1]  ; Counter:counter|sum[4]  ; clk          ; clk         ; 0.000        ; 0.000      ; 3.613      ;
; 3.392 ; Counter:counter|sum[21] ; Counter:counter|sum[24] ; clk          ; clk         ; 0.000        ; 0.000      ; 3.613      ;
; 3.392 ; Counter:counter|sum[11] ; Counter:counter|sum[14] ; clk          ; clk         ; 0.000        ; 0.000      ; 3.613      ;
; 3.393 ; Counter:counter|sum[2]  ; Counter:counter|sum[5]  ; clk          ; clk         ; 0.000        ; 0.000      ; 3.614      ;
; 3.393 ; Counter:counter|sum[12] ; Counter:counter|sum[15] ; clk          ; clk         ; 0.000        ; 0.000      ; 3.614      ;
; 3.393 ; Counter:counter|sum[22] ; Counter:counter|sum[25] ; clk          ; clk         ; 0.000        ; 0.000      ; 3.614      ;
; 3.483 ; Counter:counter|sum[30] ; Counter:counter|sum[31] ; clk          ; clk         ; 0.000        ; 0.000      ; 3.704      ;
; 3.492 ; Counter:counter|sum[10] ; Counter:counter|sum[15] ; clk          ; clk         ; 0.000        ; 0.000      ; 3.713      ;
; 3.492 ; Counter:counter|sum[20] ; Counter:counter|sum[25] ; clk          ; clk         ; 0.000        ; 0.000      ; 3.713      ;
; 3.492 ; Counter:counter|sum[20] ; Counter:counter|sum[21] ; clk          ; clk         ; 0.000        ; 0.000      ; 3.713      ;
; 3.492 ; Counter:counter|sum[20] ; Counter:counter|sum[24] ; clk          ; clk         ; 0.000        ; 0.000      ; 3.713      ;
; 3.492 ; Counter:counter|sum[20] ; Counter:counter|sum[23] ; clk          ; clk         ; 0.000        ; 0.000      ; 3.713      ;
; 3.492 ; Counter:counter|sum[20] ; Counter:counter|sum[22] ; clk          ; clk         ; 0.000        ; 0.000      ; 3.713      ;
; 3.492 ; Counter:counter|sum[10] ; Counter:counter|sum[12] ; clk          ; clk         ; 0.000        ; 0.000      ; 3.713      ;
; 3.492 ; Counter:counter|sum[0]  ; Counter:counter|sum[5]  ; clk          ; clk         ; 0.000        ; 0.000      ; 3.713      ;
; 3.492 ; Counter:counter|sum[10] ; Counter:counter|sum[14] ; clk          ; clk         ; 0.000        ; 0.000      ; 3.713      ;
+-------+-------------------------+-------------------------+--------------+-------------+--------------+------------+------------+


+----------------------------------------------------------------------------------------------------------+
; Minimum Pulse Width: 'clk'                                                                               ;
+--------+--------------+----------------+------------------+-------+------------+-------------------------+
; Slack  ; Actual Width ; Required Width ; Type             ; Clock ; Clock Edge ; Target                  ;
+--------+--------------+----------------+------------------+-------+------------+-------------------------+
; -2.289 ; 1.000        ; 3.289          ; Port Rate        ; clk   ; Rise       ; clk                     ;
; 0.234  ; 0.500        ; 0.266          ; High Pulse Width ; clk   ; Rise       ; Counter:counter|lastClr ;
; 0.234  ; 0.500        ; 0.266          ; Low Pulse Width  ; clk   ; Rise       ; Counter:counter|lastClr ;
; 0.234  ; 0.500        ; 0.266          ; High Pulse Width ; clk   ; Rise       ; Counter:counter|sum[0]  ;
; 0.234  ; 0.500        ; 0.266          ; Low Pulse Width  ; clk   ; Rise       ; Counter:counter|sum[0]  ;
; 0.234  ; 0.500        ; 0.266          ; High Pulse Width ; clk   ; Rise       ; Counter:counter|sum[10] ;
; 0.234  ; 0.500        ; 0.266          ; Low Pulse Width  ; clk   ; Rise       ; Counter:counter|sum[10] ;
; 0.234  ; 0.500        ; 0.266          ; High Pulse Width ; clk   ; Rise       ; Counter:counter|sum[11] ;
; 0.234  ; 0.500        ; 0.266          ; Low Pulse Width  ; clk   ; Rise       ; Counter:counter|sum[11] ;
; 0.234  ; 0.500        ; 0.266          ; High Pulse Width ; clk   ; Rise       ; Counter:counter|sum[12] ;
; 0.234  ; 0.500        ; 0.266          ; Low Pulse Width  ; clk   ; Rise       ; Counter:counter|sum[12] ;
; 0.234  ; 0.500        ; 0.266          ; High Pulse Width ; clk   ; Rise       ; Counter:counter|sum[13] ;
; 0.234  ; 0.500        ; 0.266          ; Low Pulse Width  ; clk   ; Rise       ; Counter:counter|sum[13] ;
; 0.234  ; 0.500        ; 0.266          ; High Pulse Width ; clk   ; Rise       ; Counter:counter|sum[14] ;
; 0.234  ; 0.500        ; 0.266          ; Low Pulse Width  ; clk   ; Rise       ; Counter:counter|sum[14] ;
; 0.234  ; 0.500        ; 0.266          ; High Pulse Width ; clk   ; Rise       ; Counter:counter|sum[15] ;
; 0.234  ; 0.500        ; 0.266          ; Low Pulse Width  ; clk   ; Rise       ; Counter:counter|sum[15] ;
; 0.234  ; 0.500        ; 0.266          ; High Pulse Width ; clk   ; Rise       ; Counter:counter|sum[16] ;
; 0.234  ; 0.500        ; 0.266          ; Low Pulse Width  ; clk   ; Rise       ; Counter:counter|sum[16] ;
; 0.234  ; 0.500        ; 0.266          ; High Pulse Width ; clk   ; Rise       ; Counter:counter|sum[17] ;
; 0.234  ; 0.500        ; 0.266          ; Low Pulse Width  ; clk   ; Rise       ; Counter:counter|sum[17] ;
; 0.234  ; 0.500        ; 0.266          ; High Pulse Width ; clk   ; Rise       ; Counter:counter|sum[18] ;
; 0.234  ; 0.500        ; 0.266          ; Low Pulse Width  ; clk   ; Rise       ; Counter:counter|sum[18] ;
; 0.234  ; 0.500        ; 0.266          ; High Pulse Width ; clk   ; Rise       ; Counter:counter|sum[19] ;
; 0.234  ; 0.500        ; 0.266          ; Low Pulse Width  ; clk   ; Rise       ; Counter:counter|sum[19] ;
; 0.234  ; 0.500        ; 0.266          ; High Pulse Width ; clk   ; Rise       ; Counter:counter|sum[1]  ;
; 0.234  ; 0.500        ; 0.266          ; Low Pulse Width  ; clk   ; Rise       ; Counter:counter|sum[1]  ;
; 0.234  ; 0.500        ; 0.266          ; High Pulse Width ; clk   ; Rise       ; Counter:counter|sum[20] ;
; 0.234  ; 0.500        ; 0.266          ; Low Pulse Width  ; clk   ; Rise       ; Counter:counter|sum[20] ;
; 0.234  ; 0.500        ; 0.266          ; High Pulse Width ; clk   ; Rise       ; Counter:counter|sum[21] ;
; 0.234  ; 0.500        ; 0.266          ; Low Pulse Width  ; clk   ; Rise       ; Counter:counter|sum[21] ;
; 0.234  ; 0.500        ; 0.266          ; High Pulse Width ; clk   ; Rise       ; Counter:counter|sum[22] ;
; 0.234  ; 0.500        ; 0.266          ; Low Pulse Width  ; clk   ; Rise       ; Counter:counter|sum[22] ;
; 0.234  ; 0.500        ; 0.266          ; High Pulse Width ; clk   ; Rise       ; Counter:counter|sum[23] ;
; 0.234  ; 0.500        ; 0.266          ; Low Pulse Width  ; clk   ; Rise       ; Counter:counter|sum[23] ;
; 0.234  ; 0.500        ; 0.266          ; High Pulse Width ; clk   ; Rise       ; Counter:counter|sum[24] ;
; 0.234  ; 0.500        ; 0.266          ; Low Pulse Width  ; clk   ; Rise       ; Counter:counter|sum[24] ;
; 0.234  ; 0.500        ; 0.266          ; High Pulse Width ; clk   ; Rise       ; Counter:counter|sum[25] ;
; 0.234  ; 0.500        ; 0.266          ; Low Pulse Width  ; clk   ; Rise       ; Counter:counter|sum[25] ;
; 0.234  ; 0.500        ; 0.266          ; High Pulse Width ; clk   ; Rise       ; Counter:counter|sum[26] ;
; 0.234  ; 0.500        ; 0.266          ; Low Pulse Width  ; clk   ; Rise       ; Counter:counter|sum[26] ;
; 0.234  ; 0.500        ; 0.266          ; High Pulse Width ; clk   ; Rise       ; Counter:counter|sum[27] ;
; 0.234  ; 0.500        ; 0.266          ; Low Pulse Width  ; clk   ; Rise       ; Counter:counter|sum[27] ;
; 0.234  ; 0.500        ; 0.266          ; High Pulse Width ; clk   ; Rise       ; Counter:counter|sum[28] ;
; 0.234  ; 0.500        ; 0.266          ; Low Pulse Width  ; clk   ; Rise       ; Counter:counter|sum[28] ;
; 0.234  ; 0.500        ; 0.266          ; High Pulse Width ; clk   ; Rise       ; Counter:counter|sum[29] ;
; 0.234  ; 0.500        ; 0.266          ; Low Pulse Width  ; clk   ; Rise       ; Counter:counter|sum[29] ;
; 0.234  ; 0.500        ; 0.266          ; High Pulse Width ; clk   ; Rise       ; Counter:counter|sum[2]  ;
; 0.234  ; 0.500        ; 0.266          ; Low Pulse Width  ; clk   ; Rise       ; Counter:counter|sum[2]  ;
; 0.234  ; 0.500        ; 0.266          ; High Pulse Width ; clk   ; Rise       ; Counter:counter|sum[30] ;
; 0.234  ; 0.500        ; 0.266          ; Low Pulse Width  ; clk   ; Rise       ; Counter:counter|sum[30] ;
; 0.234  ; 0.500        ; 0.266          ; High Pulse Width ; clk   ; Rise       ; Counter:counter|sum[31] ;
; 0.234  ; 0.500        ; 0.266          ; Low Pulse Width  ; clk   ; Rise       ; Counter:counter|sum[31] ;
; 0.234  ; 0.500        ; 0.266          ; High Pulse Width ; clk   ; Rise       ; Counter:counter|sum[3]  ;
; 0.234  ; 0.500        ; 0.266          ; Low Pulse Width  ; clk   ; Rise       ; Counter:counter|sum[3]  ;
; 0.234  ; 0.500        ; 0.266          ; High Pulse Width ; clk   ; Rise       ; Counter:counter|sum[4]  ;
; 0.234  ; 0.500        ; 0.266          ; Low Pulse Width  ; clk   ; Rise       ; Counter:counter|sum[4]  ;
; 0.234  ; 0.500        ; 0.266          ; High Pulse Width ; clk   ; Rise       ; Counter:counter|sum[5]  ;
; 0.234  ; 0.500        ; 0.266          ; Low Pulse Width  ; clk   ; Rise       ; Counter:counter|sum[5]  ;
; 0.234  ; 0.500        ; 0.266          ; High Pulse Width ; clk   ; Rise       ; Counter:counter|sum[6]  ;
; 0.234  ; 0.500        ; 0.266          ; Low Pulse Width  ; clk   ; Rise       ; Counter:counter|sum[6]  ;
; 0.234  ; 0.500        ; 0.266          ; High Pulse Width ; clk   ; Rise       ; Counter:counter|sum[7]  ;
; 0.234  ; 0.500        ; 0.266          ; Low Pulse Width  ; clk   ; Rise       ; Counter:counter|sum[7]  ;
; 0.234  ; 0.500        ; 0.266          ; High Pulse Width ; clk   ; Rise       ; Counter:counter|sum[8]  ;
; 0.234  ; 0.500        ; 0.266          ; Low Pulse Width  ; clk   ; Rise       ; Counter:counter|sum[8]  ;
; 0.234  ; 0.500        ; 0.266          ; High Pulse Width ; clk   ; Rise       ; Counter:counter|sum[9]  ;
; 0.234  ; 0.500        ; 0.266          ; Low Pulse Width  ; clk   ; Rise       ; Counter:counter|sum[9]  ;
; 0.500  ; 0.500        ; 0.000          ; High Pulse Width ; clk   ; Rise       ; clk|combout             ;
; 0.500  ; 0.500        ; 0.000          ; Low Pulse Width  ; clk   ; Rise       ; clk|combout             ;
; 0.500  ; 0.500        ; 0.000          ; High Pulse Width ; clk   ; Rise       ; counter|lastClr|clk     ;
; 0.500  ; 0.500        ; 0.000          ; Low Pulse Width  ; clk   ; Rise       ; counter|lastClr|clk     ;
; 0.500  ; 0.500        ; 0.000          ; High Pulse Width ; clk   ; Rise       ; counter|sum[0]|clk      ;
; 0.500  ; 0.500        ; 0.000          ; Low Pulse Width  ; clk   ; Rise       ; counter|sum[0]|clk      ;
; 0.500  ; 0.500        ; 0.000          ; High Pulse Width ; clk   ; Rise       ; counter|sum[10]|clk     ;
; 0.500  ; 0.500        ; 0.000          ; Low Pulse Width  ; clk   ; Rise       ; counter|sum[10]|clk     ;
; 0.500  ; 0.500        ; 0.000          ; High Pulse Width ; clk   ; Rise       ; counter|sum[11]|clk     ;
; 0.500  ; 0.500        ; 0.000          ; Low Pulse Width  ; clk   ; Rise       ; counter|sum[11]|clk     ;
; 0.500  ; 0.500        ; 0.000          ; High Pulse Width ; clk   ; Rise       ; counter|sum[12]|clk     ;
; 0.500  ; 0.500        ; 0.000          ; Low Pulse Width  ; clk   ; Rise       ; counter|sum[12]|clk     ;
; 0.500  ; 0.500        ; 0.000          ; High Pulse Width ; clk   ; Rise       ; counter|sum[13]|clk     ;
; 0.500  ; 0.500        ; 0.000          ; Low Pulse Width  ; clk   ; Rise       ; counter|sum[13]|clk     ;
; 0.500  ; 0.500        ; 0.000          ; High Pulse Width ; clk   ; Rise       ; counter|sum[14]|clk     ;
; 0.500  ; 0.500        ; 0.000          ; Low Pulse Width  ; clk   ; Rise       ; counter|sum[14]|clk     ;
; 0.500  ; 0.500        ; 0.000          ; High Pulse Width ; clk   ; Rise       ; counter|sum[15]|clk     ;
; 0.500  ; 0.500        ; 0.000          ; Low Pulse Width  ; clk   ; Rise       ; counter|sum[15]|clk     ;
; 0.500  ; 0.500        ; 0.000          ; High Pulse Width ; clk   ; Rise       ; counter|sum[16]|clk     ;
; 0.500  ; 0.500        ; 0.000          ; Low Pulse Width  ; clk   ; Rise       ; counter|sum[16]|clk     ;
; 0.500  ; 0.500        ; 0.000          ; High Pulse Width ; clk   ; Rise       ; counter|sum[17]|clk     ;
; 0.500  ; 0.500        ; 0.000          ; Low Pulse Width  ; clk   ; Rise       ; counter|sum[17]|clk     ;
; 0.500  ; 0.500        ; 0.000          ; High Pulse Width ; clk   ; Rise       ; counter|sum[18]|clk     ;
; 0.500  ; 0.500        ; 0.000          ; Low Pulse Width  ; clk   ; Rise       ; counter|sum[18]|clk     ;
; 0.500  ; 0.500        ; 0.000          ; High Pulse Width ; clk   ; Rise       ; counter|sum[19]|clk     ;
; 0.500  ; 0.500        ; 0.000          ; Low Pulse Width  ; clk   ; Rise       ; counter|sum[19]|clk     ;
; 0.500  ; 0.500        ; 0.000          ; High Pulse Width ; clk   ; Rise       ; counter|sum[1]|clk      ;
; 0.500  ; 0.500        ; 0.000          ; Low Pulse Width  ; clk   ; Rise       ; counter|sum[1]|clk      ;
; 0.500  ; 0.500        ; 0.000          ; High Pulse Width ; clk   ; Rise       ; counter|sum[20]|clk     ;
; 0.500  ; 0.500        ; 0.000          ; Low Pulse Width  ; clk   ; Rise       ; counter|sum[20]|clk     ;
; 0.500  ; 0.500        ; 0.000          ; High Pulse Width ; clk   ; Rise       ; counter|sum[21]|clk     ;
; 0.500  ; 0.500        ; 0.000          ; Low Pulse Width  ; clk   ; Rise       ; counter|sum[21]|clk     ;
; 0.500  ; 0.500        ; 0.000          ; High Pulse Width ; clk   ; Rise       ; counter|sum[22]|clk     ;
+--------+--------------+----------------+------------------+-------+------------+-------------------------+


+-------------------------------------------------------------------------------------------------+
; Minimum Pulse Width: 'refer'                                                                    ;
+--------+--------------+----------------+------------------+-------+------------+----------------+
; Slack  ; Actual Width ; Required Width ; Type             ; Clock ; Clock Edge ; Target         ;
+--------+--------------+----------------+------------------+-------+------------+----------------+
; -2.289 ; 1.000        ; 3.289          ; Port Rate        ; refer ; Rise       ; refer          ;
; 0.234  ; 0.500        ; 0.266          ; High Pulse Width ; refer ; Rise       ; D_FF:dff|q[0]  ;
; 0.234  ; 0.500        ; 0.266          ; Low Pulse Width  ; refer ; Rise       ; D_FF:dff|q[0]  ;
; 0.234  ; 0.500        ; 0.266          ; High Pulse Width ; refer ; Rise       ; D_FF:dff|q[10] ;
; 0.234  ; 0.500        ; 0.266          ; Low Pulse Width  ; refer ; Rise       ; D_FF:dff|q[10] ;
; 0.234  ; 0.500        ; 0.266          ; High Pulse Width ; refer ; Rise       ; D_FF:dff|q[11] ;
; 0.234  ; 0.500        ; 0.266          ; Low Pulse Width  ; refer ; Rise       ; D_FF:dff|q[11] ;
; 0.234  ; 0.500        ; 0.266          ; High Pulse Width ; refer ; Rise       ; D_FF:dff|q[12] ;
; 0.234  ; 0.500        ; 0.266          ; Low Pulse Width  ; refer ; Rise       ; D_FF:dff|q[12] ;
; 0.234  ; 0.500        ; 0.266          ; High Pulse Width ; refer ; Rise       ; D_FF:dff|q[13] ;
; 0.234  ; 0.500        ; 0.266          ; Low Pulse Width  ; refer ; Rise       ; D_FF:dff|q[13] ;
; 0.234  ; 0.500        ; 0.266          ; High Pulse Width ; refer ; Rise       ; D_FF:dff|q[14] ;
; 0.234  ; 0.500        ; 0.266          ; Low Pulse Width  ; refer ; Rise       ; D_FF:dff|q[14] ;
; 0.234  ; 0.500        ; 0.266          ; High Pulse Width ; refer ; Rise       ; D_FF:dff|q[15] ;
; 0.234  ; 0.500        ; 0.266          ; Low Pulse Width  ; refer ; Rise       ; D_FF:dff|q[15] ;
; 0.234  ; 0.500        ; 0.266          ; High Pulse Width ; refer ; Rise       ; D_FF:dff|q[16] ;
; 0.234  ; 0.500        ; 0.266          ; Low Pulse Width  ; refer ; Rise       ; D_FF:dff|q[16] ;
; 0.234  ; 0.500        ; 0.266          ; High Pulse Width ; refer ; Rise       ; D_FF:dff|q[17] ;
; 0.234  ; 0.500        ; 0.266          ; Low Pulse Width  ; refer ; Rise       ; D_FF:dff|q[17] ;
; 0.234  ; 0.500        ; 0.266          ; High Pulse Width ; refer ; Rise       ; D_FF:dff|q[18] ;
; 0.234  ; 0.500        ; 0.266          ; Low Pulse Width  ; refer ; Rise       ; D_FF:dff|q[18] ;
; 0.234  ; 0.500        ; 0.266          ; High Pulse Width ; refer ; Rise       ; D_FF:dff|q[19] ;
; 0.234  ; 0.500        ; 0.266          ; Low Pulse Width  ; refer ; Rise       ; D_FF:dff|q[19] ;
; 0.234  ; 0.500        ; 0.266          ; High Pulse Width ; refer ; Rise       ; D_FF:dff|q[1]  ;
; 0.234  ; 0.500        ; 0.266          ; Low Pulse Width  ; refer ; Rise       ; D_FF:dff|q[1]  ;
; 0.234  ; 0.500        ; 0.266          ; High Pulse Width ; refer ; Rise       ; D_FF:dff|q[20] ;
; 0.234  ; 0.500        ; 0.266          ; Low Pulse Width  ; refer ; Rise       ; D_FF:dff|q[20] ;
; 0.234  ; 0.500        ; 0.266          ; High Pulse Width ; refer ; Rise       ; D_FF:dff|q[21] ;
; 0.234  ; 0.500        ; 0.266          ; Low Pulse Width  ; refer ; Rise       ; D_FF:dff|q[21] ;
; 0.234  ; 0.500        ; 0.266          ; High Pulse Width ; refer ; Rise       ; D_FF:dff|q[22] ;
; 0.234  ; 0.500        ; 0.266          ; Low Pulse Width  ; refer ; Rise       ; D_FF:dff|q[22] ;
; 0.234  ; 0.500        ; 0.266          ; High Pulse Width ; refer ; Rise       ; D_FF:dff|q[23] ;
; 0.234  ; 0.500        ; 0.266          ; Low Pulse Width  ; refer ; Rise       ; D_FF:dff|q[23] ;
; 0.234  ; 0.500        ; 0.266          ; High Pulse Width ; refer ; Rise       ; D_FF:dff|q[24] ;
; 0.234  ; 0.500        ; 0.266          ; Low Pulse Width  ; refer ; Rise       ; D_FF:dff|q[24] ;
; 0.234  ; 0.500        ; 0.266          ; High Pulse Width ; refer ; Rise       ; D_FF:dff|q[25] ;
; 0.234  ; 0.500        ; 0.266          ; Low Pulse Width  ; refer ; Rise       ; D_FF:dff|q[25] ;
; 0.234  ; 0.500        ; 0.266          ; High Pulse Width ; refer ; Rise       ; D_FF:dff|q[26] ;
; 0.234  ; 0.500        ; 0.266          ; Low Pulse Width  ; refer ; Rise       ; D_FF:dff|q[26] ;
; 0.234  ; 0.500        ; 0.266          ; High Pulse Width ; refer ; Rise       ; D_FF:dff|q[27] ;
; 0.234  ; 0.500        ; 0.266          ; Low Pulse Width  ; refer ; Rise       ; D_FF:dff|q[27] ;
; 0.234  ; 0.500        ; 0.266          ; High Pulse Width ; refer ; Rise       ; D_FF:dff|q[28] ;
; 0.234  ; 0.500        ; 0.266          ; Low Pulse Width  ; refer ; Rise       ; D_FF:dff|q[28] ;
; 0.234  ; 0.500        ; 0.266          ; High Pulse Width ; refer ; Rise       ; D_FF:dff|q[29] ;
; 0.234  ; 0.500        ; 0.266          ; Low Pulse Width  ; refer ; Rise       ; D_FF:dff|q[29] ;
; 0.234  ; 0.500        ; 0.266          ; High Pulse Width ; refer ; Rise       ; D_FF:dff|q[2]  ;
; 0.234  ; 0.500        ; 0.266          ; Low Pulse Width  ; refer ; Rise       ; D_FF:dff|q[2]  ;
; 0.234  ; 0.500        ; 0.266          ; High Pulse Width ; refer ; Rise       ; D_FF:dff|q[30] ;
; 0.234  ; 0.500        ; 0.266          ; Low Pulse Width  ; refer ; Rise       ; D_FF:dff|q[30] ;
; 0.234  ; 0.500        ; 0.266          ; High Pulse Width ; refer ; Rise       ; D_FF:dff|q[31] ;
; 0.234  ; 0.500        ; 0.266          ; Low Pulse Width  ; refer ; Rise       ; D_FF:dff|q[31] ;
; 0.234  ; 0.500        ; 0.266          ; High Pulse Width ; refer ; Rise       ; D_FF:dff|q[3]  ;
; 0.234  ; 0.500        ; 0.266          ; Low Pulse Width  ; refer ; Rise       ; D_FF:dff|q[3]  ;
; 0.234  ; 0.500        ; 0.266          ; High Pulse Width ; refer ; Rise       ; D_FF:dff|q[4]  ;
; 0.234  ; 0.500        ; 0.266          ; Low Pulse Width  ; refer ; Rise       ; D_FF:dff|q[4]  ;
; 0.234  ; 0.500        ; 0.266          ; High Pulse Width ; refer ; Rise       ; D_FF:dff|q[5]  ;
; 0.234  ; 0.500        ; 0.266          ; Low Pulse Width  ; refer ; Rise       ; D_FF:dff|q[5]  ;
; 0.234  ; 0.500        ; 0.266          ; High Pulse Width ; refer ; Rise       ; D_FF:dff|q[6]  ;
; 0.234  ; 0.500        ; 0.266          ; Low Pulse Width  ; refer ; Rise       ; D_FF:dff|q[6]  ;
; 0.234  ; 0.500        ; 0.266          ; High Pulse Width ; refer ; Rise       ; D_FF:dff|q[7]  ;
; 0.234  ; 0.500        ; 0.266          ; Low Pulse Width  ; refer ; Rise       ; D_FF:dff|q[7]  ;
; 0.234  ; 0.500        ; 0.266          ; High Pulse Width ; refer ; Rise       ; D_FF:dff|q[8]  ;
; 0.234  ; 0.500        ; 0.266          ; Low Pulse Width  ; refer ; Rise       ; D_FF:dff|q[8]  ;
; 0.234  ; 0.500        ; 0.266          ; High Pulse Width ; refer ; Rise       ; D_FF:dff|q[9]  ;
; 0.234  ; 0.500        ; 0.266          ; Low Pulse Width  ; refer ; Rise       ; D_FF:dff|q[9]  ;
; 0.500  ; 0.500        ; 0.000          ; High Pulse Width ; refer ; Rise       ; dff|q[0]|clk   ;
; 0.500  ; 0.500        ; 0.000          ; Low Pulse Width  ; refer ; Rise       ; dff|q[0]|clk   ;
; 0.500  ; 0.500        ; 0.000          ; High Pulse Width ; refer ; Rise       ; dff|q[10]|clk  ;
; 0.500  ; 0.500        ; 0.000          ; Low Pulse Width  ; refer ; Rise       ; dff|q[10]|clk  ;
; 0.500  ; 0.500        ; 0.000          ; High Pulse Width ; refer ; Rise       ; dff|q[11]|clk  ;
; 0.500  ; 0.500        ; 0.000          ; Low Pulse Width  ; refer ; Rise       ; dff|q[11]|clk  ;
; 0.500  ; 0.500        ; 0.000          ; High Pulse Width ; refer ; Rise       ; dff|q[12]|clk  ;
; 0.500  ; 0.500        ; 0.000          ; Low Pulse Width  ; refer ; Rise       ; dff|q[12]|clk  ;
; 0.500  ; 0.500        ; 0.000          ; High Pulse Width ; refer ; Rise       ; dff|q[13]|clk  ;
; 0.500  ; 0.500        ; 0.000          ; Low Pulse Width  ; refer ; Rise       ; dff|q[13]|clk  ;
; 0.500  ; 0.500        ; 0.000          ; High Pulse Width ; refer ; Rise       ; dff|q[14]|clk  ;
; 0.500  ; 0.500        ; 0.000          ; Low Pulse Width  ; refer ; Rise       ; dff|q[14]|clk  ;
; 0.500  ; 0.500        ; 0.000          ; High Pulse Width ; refer ; Rise       ; dff|q[15]|clk  ;
; 0.500  ; 0.500        ; 0.000          ; Low Pulse Width  ; refer ; Rise       ; dff|q[15]|clk  ;
; 0.500  ; 0.500        ; 0.000          ; High Pulse Width ; refer ; Rise       ; dff|q[16]|clk  ;
; 0.500  ; 0.500        ; 0.000          ; Low Pulse Width  ; refer ; Rise       ; dff|q[16]|clk  ;
; 0.500  ; 0.500        ; 0.000          ; High Pulse Width ; refer ; Rise       ; dff|q[17]|clk  ;
; 0.500  ; 0.500        ; 0.000          ; Low Pulse Width  ; refer ; Rise       ; dff|q[17]|clk  ;
; 0.500  ; 0.500        ; 0.000          ; High Pulse Width ; refer ; Rise       ; dff|q[18]|clk  ;
; 0.500  ; 0.500        ; 0.000          ; Low Pulse Width  ; refer ; Rise       ; dff|q[18]|clk  ;
; 0.500  ; 0.500        ; 0.000          ; High Pulse Width ; refer ; Rise       ; dff|q[19]|clk  ;
; 0.500  ; 0.500        ; 0.000          ; Low Pulse Width  ; refer ; Rise       ; dff|q[19]|clk  ;
; 0.500  ; 0.500        ; 0.000          ; High Pulse Width ; refer ; Rise       ; dff|q[1]|clk   ;
; 0.500  ; 0.500        ; 0.000          ; Low Pulse Width  ; refer ; Rise       ; dff|q[1]|clk   ;
; 0.500  ; 0.500        ; 0.000          ; High Pulse Width ; refer ; Rise       ; dff|q[20]|clk  ;
; 0.500  ; 0.500        ; 0.000          ; Low Pulse Width  ; refer ; Rise       ; dff|q[20]|clk  ;
; 0.500  ; 0.500        ; 0.000          ; High Pulse Width ; refer ; Rise       ; dff|q[21]|clk  ;
; 0.500  ; 0.500        ; 0.000          ; Low Pulse Width  ; refer ; Rise       ; dff|q[21]|clk  ;
; 0.500  ; 0.500        ; 0.000          ; High Pulse Width ; refer ; Rise       ; dff|q[22]|clk  ;
; 0.500  ; 0.500        ; 0.000          ; Low Pulse Width  ; refer ; Rise       ; dff|q[22]|clk  ;
; 0.500  ; 0.500        ; 0.000          ; High Pulse Width ; refer ; Rise       ; dff|q[23]|clk  ;
; 0.500  ; 0.500        ; 0.000          ; Low Pulse Width  ; refer ; Rise       ; dff|q[23]|clk  ;
; 0.500  ; 0.500        ; 0.000          ; High Pulse Width ; refer ; Rise       ; dff|q[24]|clk  ;
; 0.500  ; 0.500        ; 0.000          ; Low Pulse Width  ; refer ; Rise       ; dff|q[24]|clk  ;
; 0.500  ; 0.500        ; 0.000          ; High Pulse Width ; refer ; Rise       ; dff|q[25]|clk  ;
+--------+--------------+----------------+------------------+-------+------------+----------------+


+----------------------------------------------------------------------------------------------------+
; Minimum Pulse Width: 'sck'                                                                         ;
+--------+--------------+----------------+------------------+-------+------------+-------------------+
; Slack  ; Actual Width ; Required Width ; Type             ; Clock ; Clock Edge ; Target            ;
+--------+--------------+----------------+------------------+-------+------------+-------------------+
; -2.289 ; 1.000        ; 3.289          ; Port Rate        ; sck   ; Rise       ; sck               ;
; 0.234  ; 0.500        ; 0.266          ; High Pulse Width ; sck   ; Fall       ; SpiSlave:spi|i[0] ;
; 0.234  ; 0.500        ; 0.266          ; Low Pulse Width  ; sck   ; Fall       ; SpiSlave:spi|i[0] ;
; 0.234  ; 0.500        ; 0.266          ; High Pulse Width ; sck   ; Fall       ; SpiSlave:spi|i[1] ;
; 0.234  ; 0.500        ; 0.266          ; Low Pulse Width  ; sck   ; Fall       ; SpiSlave:spi|i[1] ;
; 0.234  ; 0.500        ; 0.266          ; High Pulse Width ; sck   ; Fall       ; SpiSlave:spi|i[2] ;
; 0.234  ; 0.500        ; 0.266          ; Low Pulse Width  ; sck   ; Fall       ; SpiSlave:spi|i[2] ;
; 0.234  ; 0.500        ; 0.266          ; High Pulse Width ; sck   ; Fall       ; SpiSlave:spi|i[3] ;
; 0.234  ; 0.500        ; 0.266          ; Low Pulse Width  ; sck   ; Fall       ; SpiSlave:spi|i[3] ;
; 0.234  ; 0.500        ; 0.266          ; High Pulse Width ; sck   ; Fall       ; SpiSlave:spi|i[4] ;
; 0.234  ; 0.500        ; 0.266          ; Low Pulse Width  ; sck   ; Fall       ; SpiSlave:spi|i[4] ;
; 0.234  ; 0.500        ; 0.266          ; High Pulse Width ; sck   ; Fall       ; SpiSlave:spi|miso ;
; 0.234  ; 0.500        ; 0.266          ; Low Pulse Width  ; sck   ; Fall       ; SpiSlave:spi|miso ;
; 0.500  ; 0.500        ; 0.000          ; High Pulse Width ; sck   ; Rise       ; sck|combout       ;
; 0.500  ; 0.500        ; 0.000          ; Low Pulse Width  ; sck   ; Rise       ; sck|combout       ;
; 0.500  ; 0.500        ; 0.000          ; High Pulse Width ; sck   ; Rise       ; spi|i[0]|clk      ;
; 0.500  ; 0.500        ; 0.000          ; Low Pulse Width  ; sck   ; Rise       ; spi|i[0]|clk      ;
; 0.500  ; 0.500        ; 0.000          ; High Pulse Width ; sck   ; Rise       ; spi|i[1]|clk      ;
; 0.500  ; 0.500        ; 0.000          ; Low Pulse Width  ; sck   ; Rise       ; spi|i[1]|clk      ;
; 0.500  ; 0.500        ; 0.000          ; High Pulse Width ; sck   ; Rise       ; spi|i[2]|clk      ;
; 0.500  ; 0.500        ; 0.000          ; Low Pulse Width  ; sck   ; Rise       ; spi|i[2]|clk      ;
; 0.500  ; 0.500        ; 0.000          ; High Pulse Width ; sck   ; Rise       ; spi|i[3]|clk      ;
; 0.500  ; 0.500        ; 0.000          ; Low Pulse Width  ; sck   ; Rise       ; spi|i[3]|clk      ;
; 0.500  ; 0.500        ; 0.000          ; High Pulse Width ; sck   ; Rise       ; spi|i[4]|clk      ;
; 0.500  ; 0.500        ; 0.000          ; Low Pulse Width  ; sck   ; Rise       ; spi|i[4]|clk      ;
; 0.500  ; 0.500        ; 0.000          ; High Pulse Width ; sck   ; Rise       ; spi|miso|clk      ;
; 0.500  ; 0.500        ; 0.000          ; Low Pulse Width  ; sck   ; Rise       ; spi|miso|clk      ;
+--------+--------------+----------------+------------------+-------+------------+-------------------+


+-----------------------------------------------------------------------+
; Setup Times                                                           ;
+-----------+------------+-------+-------+------------+-----------------+
; Data Port ; Clock Port ; Rise  ; Fall  ; Clock Edge ; Clock Reference ;
+-----------+------------+-------+-------+------------+-----------------+
; refer     ; clk        ; 4.891 ; 4.891 ; Rise       ; clk             ;
; cs        ; refer      ; 4.573 ; 4.573 ; Rise       ; refer           ;
+-----------+------------+-------+-------+------------+-----------------+


+-------------------------------------------------------------------------+
; Hold Times                                                              ;
+-----------+------------+--------+--------+------------+-----------------+
; Data Port ; Clock Port ; Rise   ; Fall   ; Clock Edge ; Clock Reference ;
+-----------+------------+--------+--------+------------+-----------------+
; refer     ; clk        ; -1.762 ; -1.762 ; Rise       ; clk             ;
; cs        ; refer      ; -2.816 ; -2.816 ; Rise       ; refer           ;
+-----------+------------+--------+--------+------------+-----------------+


+-------------------------------------------------------------------------+
; Clock to Output Times                                                   ;
+-----------+------------+--------+--------+------------+-----------------+
; Data Port ; Clock Port ; Rise   ; Fall   ; Clock Edge ; Clock Reference ;
+-----------+------------+--------+--------+------------+-----------------+
; ready     ; refer      ; 5.664  ; 5.664  ; Rise       ; refer           ;
; ready     ; refer      ; 5.664  ; 5.664  ; Fall       ; refer           ;
; miso      ; sck        ; 11.589 ; 11.589 ; Fall       ; sck             ;
+-----------+------------+--------+--------+------------+-----------------+


+-------------------------------------------------------------------------+
; Minimum Clock to Output Times                                           ;
+-----------+------------+--------+--------+------------+-----------------+
; Data Port ; Clock Port ; Rise   ; Fall   ; Clock Edge ; Clock Reference ;
+-----------+------------+--------+--------+------------+-----------------+
; ready     ; refer      ; 5.664  ; 5.664  ; Rise       ; refer           ;
; ready     ; refer      ; 5.664  ; 5.664  ; Fall       ; refer           ;
; miso      ; sck        ; 11.589 ; 11.589 ; Fall       ; sck             ;
+-----------+------------+--------+--------+------------+-----------------+


+-------------------------------------------------------------------+
; Setup Transfers                                                   ;
+------------+----------+----------+----------+----------+----------+
; From Clock ; To Clock ; RR Paths ; FR Paths ; RF Paths ; FF Paths ;
+------------+----------+----------+----------+----------+----------+
; clk        ; clk      ; 944      ; 0        ; 0        ; 0        ;
; refer      ; clk      ; 33       ; 33       ; 0        ; 0        ;
; clk        ; refer    ; 32       ; 0        ; 0        ; 0        ;
; refer      ; sck      ; 0        ; 0        ; 32       ; 0        ;
; sck        ; sck      ; 0        ; 0        ; 0        ; 56       ;
+------------+----------+----------+----------+----------+----------+
Entries labeled "false path" only account for clock-to-clock false paths and not path-based false paths. As a result, actual path counts may be lower than reported.


+-------------------------------------------------------------------+
; Hold Transfers                                                    ;
+------------+----------+----------+----------+----------+----------+
; From Clock ; To Clock ; RR Paths ; FR Paths ; RF Paths ; FF Paths ;
+------------+----------+----------+----------+----------+----------+
; clk        ; clk      ; 944      ; 0        ; 0        ; 0        ;
; refer      ; clk      ; 33       ; 33       ; 0        ; 0        ;
; clk        ; refer    ; 32       ; 0        ; 0        ; 0        ;
; refer      ; sck      ; 0        ; 0        ; 32       ; 0        ;
; sck        ; sck      ; 0        ; 0        ; 0        ; 56       ;
+------------+----------+----------+----------+----------+----------+
Entries labeled "false path" only account for clock-to-clock false paths and not path-based false paths. As a result, actual path counts may be lower than reported.


---------------
; Report TCCS ;
---------------
No dedicated SERDES Transmitter circuitry present in device or used in design


---------------
; Report RSKM ;
---------------
No dedicated SERDES Receiver circuitry present in device or used in design


+------------------------------------------------+
; Unconstrained Paths                            ;
+---------------------------------+-------+------+
; Property                        ; Setup ; Hold ;
+---------------------------------+-------+------+
; Illegal Clocks                  ; 0     ; 0    ;
; Unconstrained Clocks            ; 0     ; 0    ;
; Unconstrained Input Ports       ; 3     ; 3    ;
; Unconstrained Input Port Paths  ; 110   ; 110  ;
; Unconstrained Output Ports      ; 2     ; 2    ;
; Unconstrained Output Port Paths ; 2     ; 2    ;
+---------------------------------+-------+------+


+------------------------------------+
; TimeQuest Timing Analyzer Messages ;
+------------------------------------+
Info: *******************************************************************
Info: Running Quartus II 64-Bit TimeQuest Timing Analyzer
    Info: Version 12.1 Build 243 01/31/2013 Service Pack 1.33 SJ Full Version
    Info: Processing started: Tue May 19 15:52:59 2015
Info: Command: quartus_sta FreqCounter -c FreqCounter
Info: qsta_default_script.tcl version: #1
Info (20030): Parallel compilation is enabled and will use 4 of the 4 processors detected
Info (21077): Low junction temperature is 0 degrees C
Info (21077): High junction temperature is 85 degrees C
Info (306004): Started post-fitting delay annotation
Info (306005): Delay annotation completed successfully
Critical Warning (332012): Synopsys Design Constraints File file not found: 'FreqCounter.sdc'. A Synopsys Design Constraints File is required by the TimeQuest Timing Analyzer to get proper timing constraints. Without it, the Compiler will not properly optimize the design.
Info (332142): No user constrained base clocks found in the design. Calling "derive_clocks -period 1.0"
Info (332105): Deriving Clocks
    Info (332105): create_clock -period 1.000 -name sck sck
    Info (332105): create_clock -period 1.000 -name refer refer
    Info (332105): create_clock -period 1.000 -name clk clk
Info: Found TIMEQUEST_REPORT_SCRIPT_INCLUDE_DEFAULT_ANALYSIS = ON
Critical Warning (332148): Timing requirements not met
Info (332146): Worst-case setup slack is -8.138
    Info (332119):     Slack End Point TNS Clock 
    Info (332119): ========= ============= =====================
    Info (332119):    -8.138       -24.640 sck 
    Info (332119):    -5.163      -144.564 clk 
    Info (332119):    -2.804       -58.417 refer 
Info (332146): Worst-case hold slack is 1.532
    Info (332119):     Slack End Point TNS Clock 
    Info (332119): ========= ============= =====================
    Info (332119):     1.532         0.000 refer 
    Info (332119):     1.650         0.000 sck 
    Info (332119):     1.762         0.000 clk 
Info (332140): No Recovery paths to report
Info (332140): No Removal paths to report
Info (332146): Worst-case minimum pulse width slack is -2.289
    Info (332119):     Slack End Point TNS Clock 
    Info (332119): ========= ============= =====================
    Info (332119):    -2.289        -2.289 clk 
    Info (332119):    -2.289        -2.289 refer 
    Info (332119):    -2.289        -2.289 sck 
Info (332001): The selected device family is not supported by the report_metastability command.
Info (332102): Design is not fully constrained for setup requirements
Info (332102): Design is not fully constrained for hold requirements
Info: Quartus II 64-Bit TimeQuest Timing Analyzer was successful. 0 errors, 2 warnings
    Info: Peak virtual memory: 401 megabytes
    Info: Processing ended: Tue May 19 15:53:01 2015
    Info: Elapsed time: 00:00:02
    Info: Total CPU time (on all processors): 00:00:01


